2024-06-05T19:37:57.399-03:00  INFO 2907 --- [projeta] [main] br.com.projeta.site.SiteApplication      : Starting SiteApplication v0.0.1-SNAPSHOT using Java 17.0.11 with PID 2907 (/home/monteiro/workspace/projeta-app/jars/site-0.0.1-SNAPSHOT.jar started by monteiro in /home/monteiro/workspace/projeta-app/jars)
2024-06-05T19:37:57.409-03:00  INFO 2907 --- [projeta] [main] br.com.projeta.site.SiteApplication      : No active profile set, falling back to 1 default profile: "default"
2024-06-05T19:37:58.252-03:00  INFO 2907 --- [projeta] [main] o.s.cloud.context.scope.GenericScope     : BeanFactory id=0b1b6c6d-7c2b-3e70-a6ca-4768d4ee0fe0
2024-06-05T19:37:58.292-03:00  WARN 2907 --- [projeta] [main] trationDelegate$BeanPostProcessorChecker : Bean 'org.springframework.cloud.client.loadbalancer.LoadBalancerAutoConfiguration$LoadBalancerInterceptorConfig' of type [org.springframework.cloud.client.loadbalancer.LoadBalancerAutoConfiguration$LoadBalancerInterceptorConfig] is not eligible for getting processed by all BeanPostProcessors (for example: not eligible for auto-proxying). The currently created BeanPostProcessor [lbRestClientPostProcessor] is declared through a non-static factory method on that class; consider declaring it as static instead.
2024-06-05T19:37:58.299-03:00  WARN 2907 --- [projeta] [main] trationDelegate$BeanPostProcessorChecker : Bean 'org.springframework.cloud.loadbalancer.config.BlockingLoadBalancerClientAutoConfiguration' of type [org.springframework.cloud.loadbalancer.config.BlockingLoadBalancerClientAutoConfiguration] is not eligible for getting processed by all BeanPostProcessors (for example: not eligible for auto-proxying). Is this bean getting eagerly injected into a currently created BeanPostProcessor [lbRestClientPostProcessor]? Check the corresponding BeanPostProcessor declaration and its dependencies.
2024-06-05T19:37:58.301-03:00  WARN 2907 --- [projeta] [main] trationDelegate$BeanPostProcessorChecker : Bean 'org.springframework.cloud.loadbalancer.config.LoadBalancerAutoConfiguration' of type [org.springframework.cloud.loadbalancer.config.LoadBalancerAutoConfiguration] is not eligible for getting processed by all BeanPostProcessors (for example: not eligible for auto-proxying). Is this bean getting eagerly injected into a currently created BeanPostProcessor [lbRestClientPostProcessor]? Check the corresponding BeanPostProcessor declaration and its dependencies.
2024-06-05T19:37:58.308-03:00  WARN 2907 --- [projeta] [main] trationDelegate$BeanPostProcessorChecker : Bean 'org.springframework.cloud.commons.config.CommonsConfigAutoConfiguration' of type [org.springframework.cloud.commons.config.CommonsConfigAutoConfiguration] is not eligible for getting processed by all BeanPostProcessors (for example: not eligible for auto-proxying). Is this bean getting eagerly injected into a currently created BeanPostProcessor [lbRestClientPostProcessor]? Check the corresponding BeanPostProcessor declaration and its dependencies.
2024-06-05T19:37:58.310-03:00  WARN 2907 --- [projeta] [main] trationDelegate$BeanPostProcessorChecker : Bean 'org.springframework.cloud.client.loadbalancer.LoadBalancerDefaultMappingsProviderAutoConfiguration' of type [org.springframework.cloud.client.loadbalancer.LoadBalancerDefaultMappingsProviderAutoConfiguration] is not eligible for getting processed by all BeanPostProcessors (for example: not eligible for auto-proxying). Is this bean getting eagerly injected into a currently created BeanPostProcessor [lbRestClientPostProcessor]? Check the corresponding BeanPostProcessor declaration and its dependencies.
2024-06-05T19:37:58.311-03:00  WARN 2907 --- [projeta] [main] trationDelegate$BeanPostProcessorChecker : Bean 'loadBalancerClientsDefaultsMappingsProvider' of type [org.springframework.cloud.client.loadbalancer.LoadBalancerDefaultMappingsProviderAutoConfiguration$$Lambda$467/0x00007f2e18311598] is not eligible for getting processed by all BeanPostProcessors (for example: not eligible for auto-proxying). Is this bean getting eagerly injected into a currently created BeanPostProcessor [lbRestClientPostProcessor]? Check the corresponding BeanPostProcessor declaration and its dependencies.
2024-06-05T19:37:58.313-03:00  WARN 2907 --- [projeta] [main] trationDelegate$BeanPostProcessorChecker : Bean 'defaultsBindHandlerAdvisor' of type [org.springframework.cloud.commons.config.DefaultsBindHandlerAdvisor] is not eligible for getting processed by all BeanPostProcessors (for example: not eligible for auto-proxying). Is this bean getting eagerly injected into a currently created BeanPostProcessor [lbRestClientPostProcessor]? Check the corresponding BeanPostProcessor declaration and its dependencies.
2024-06-05T19:37:58.322-03:00  WARN 2907 --- [projeta] [main] trationDelegate$BeanPostProcessorChecker : Bean 'spring.cloud.loadbalancer-org.springframework.cloud.client.loadbalancer.LoadBalancerClientsProperties' of type [org.springframework.cloud.client.loadbalancer.LoadBalancerClientsProperties] is not eligible for getting processed by all BeanPostProcessors (for example: not eligible for auto-proxying). Is this bean getting eagerly injected into a currently created BeanPostProcessor [lbRestClientPostProcessor]? Check the corresponding BeanPostProcessor declaration and its dependencies.
2024-06-05T19:37:58.334-03:00  WARN 2907 --- [projeta] [main] trationDelegate$BeanPostProcessorChecker : Bean 'default.org.springframework.cloud.loadbalancer.config.LoadBalancerAutoConfiguration.LoadBalancerClientSpecification' of type [org.springframework.cloud.loadbalancer.annotation.LoadBalancerClientSpecification] is not eligible for getting processed by all BeanPostProcessors (for example: not eligible for auto-proxying). Is this bean getting eagerly injected into a currently created BeanPostProcessor [lbRestClientPostProcessor]? Check the corresponding BeanPostProcessor declaration and its dependencies.
2024-06-05T19:37:58.336-03:00  WARN 2907 --- [projeta] [main] trationDelegate$BeanPostProcessorChecker : Bean 'default.org.springframework.cloud.loadbalancer.config.BlockingLoadBalancerClientAutoConfiguration.LoadBalancerClientSpecification' of type [org.springframework.cloud.loadbalancer.annotation.LoadBalancerClientSpecification] is not eligible for getting processed by all BeanPostProcessors (for example: not eligible for auto-proxying). Is this bean getting eagerly injected into a currently created BeanPostProcessor [lbRestClientPostProcessor]? Check the corresponding BeanPostProcessor declaration and its dependencies.
2024-06-05T19:37:58.337-03:00  WARN 2907 --- [projeta] [main] trationDelegate$BeanPostProcessorChecker : Bean 'default.org.springframework.cloud.netflix.eureka.loadbalancer.LoadBalancerEurekaAutoConfiguration.LoadBalancerClientSpecification' of type [org.springframework.cloud.loadbalancer.annotation.LoadBalancerClientSpecification] is not eligible for getting processed by all BeanPostProcessors (for example: not eligible for auto-proxying). Is this bean getting eagerly injected into a currently created BeanPostProcessor [lbRestClientPostProcessor]? Check the corresponding BeanPostProcessor declaration and its dependencies.
2024-06-05T19:37:58.339-03:00  WARN 2907 --- [projeta] [main] trationDelegate$BeanPostProcessorChecker : Bean 'loadBalancerClientFactory' of type [org.springframework.cloud.loadbalancer.support.LoadBalancerClientFactory] is not eligible for getting processed by all BeanPostProcessors (for example: not eligible for auto-proxying). Is this bean getting eagerly injected into a currently created BeanPostProcessor [lbRestClientPostProcessor]? Check the corresponding BeanPostProcessor declaration and its dependencies.
2024-06-05T19:37:58.342-03:00  WARN 2907 --- [projeta] [main] trationDelegate$BeanPostProcessorChecker : Bean 'blockingLoadBalancerClient' of type [org.springframework.cloud.loadbalancer.blocking.client.BlockingLoadBalancerClient] is not eligible for getting processed by all BeanPostProcessors (for example: not eligible for auto-proxying). Is this bean getting eagerly injected into a currently created BeanPostProcessor [lbRestClientPostProcessor]? Check the corresponding BeanPostProcessor declaration and its dependencies.
2024-06-05T19:37:58.352-03:00  WARN 2907 --- [projeta] [main] trationDelegate$BeanPostProcessorChecker : Bean 'loadBalancerServiceInstanceCookieTransformer' of type [org.springframework.cloud.loadbalancer.core.LoadBalancerServiceInstanceCookieTransformer] is not eligible for getting processed by all BeanPostProcessors (for example: not eligible for auto-proxying). Is this bean getting eagerly injected into a currently created BeanPostProcessor [lbRestClientPostProcessor]? Check the corresponding BeanPostProcessor declaration and its dependencies.
2024-06-05T19:37:58.353-03:00  WARN 2907 --- [projeta] [main] trationDelegate$BeanPostProcessorChecker : Bean 'xForwarderHeadersTransformer' of type [org.springframework.cloud.loadbalancer.blocking.XForwardedHeadersTransformer] is not eligible for getting processed by all BeanPostProcessors (for example: not eligible for auto-proxying). Is this bean getting eagerly injected into a currently created BeanPostProcessor [lbRestClientPostProcessor]? Check the corresponding BeanPostProcessor declaration and its dependencies.
2024-06-05T19:37:58.354-03:00  WARN 2907 --- [projeta] [main] trationDelegate$BeanPostProcessorChecker : Bean 'org.springframework.cloud.client.loadbalancer.LoadBalancerAutoConfiguration' of type [org.springframework.cloud.client.loadbalancer.LoadBalancerAutoConfiguration] is not eligible for getting processed by all BeanPostProcessors (for example: not eligible for auto-proxying). Is this bean getting eagerly injected into a currently created BeanPostProcessor [lbRestClientPostProcessor]? Check the corresponding BeanPostProcessor declaration and its dependencies.
2024-06-05T19:37:58.355-03:00  WARN 2907 --- [projeta] [main] trationDelegate$BeanPostProcessorChecker : Bean 'loadBalancerRequestFactory' of type [org.springframework.cloud.client.loadbalancer.LoadBalancerRequestFactory] is not eligible for getting processed by all BeanPostProcessors (for example: not eligible for auto-proxying). Is this bean getting eagerly injected into a currently created BeanPostProcessor [lbRestClientPostProcessor]? Check the corresponding BeanPostProcessor declaration and its dependencies.
2024-06-05T19:37:58.356-03:00  WARN 2907 --- [projeta] [main] trationDelegate$BeanPostProcessorChecker : Bean 'loadBalancerInterceptor' of type [org.springframework.cloud.client.loadbalancer.LoadBalancerInterceptor] is not eligible for getting processed by all BeanPostProcessors (for example: not eligible for auto-proxying). Is this bean getting eagerly injected into a currently created BeanPostProcessor [lbRestClientPostProcessor]? Check the corresponding BeanPostProcessor declaration and its dependencies.
2024-06-05T19:37:58.549-03:00  INFO 2907 --- [projeta] [main] o.s.b.w.embedded.tomcat.TomcatWebServer  : Tomcat initialized with port 3001 (http)
2024-06-05T19:37:58.559-03:00  INFO 2907 --- [projeta] [main] o.apache.catalina.core.StandardService   : Starting service [Tomcat]
2024-06-05T19:37:58.559-03:00  INFO 2907 --- [projeta] [main] o.apache.catalina.core.StandardEngine    : Starting Servlet engine: [Apache Tomcat/10.1.19]
2024-06-05T19:37:58.605-03:00  INFO 2907 --- [projeta] [main] o.a.c.c.C.[.[localhost].[/projeta]       : Initializing Spring embedded WebApplicationContext
2024-06-05T19:37:58.606-03:00  INFO 2907 --- [projeta] [main] w.s.c.ServletWebServerApplicationContext : Root WebApplicationContext: initialization completed in 1126 ms
2024-06-05T19:37:58.724-03:00  INFO 2907 --- [projeta] [main] o.s.b.a.w.s.WelcomePageHandlerMapping    : Adding welcome page template: index
2024-06-05T19:37:59.239-03:00  INFO 2907 --- [projeta] [main] DiscoveryClientOptionalArgsConfiguration : Eureka HTTP Client uses RestTemplate.
2024-06-05T19:37:59.296-03:00  WARN 2907 --- [projeta] [main] iguration$LoadBalancerCaffeineWarnLogger : Spring Cloud LoadBalancer is currently working with the default cache. While this cache implementation is useful for development and tests, it's recommended to use Caffeine cache in production.You can switch to using Caffeine cache, by adding it and org.springframework.cache.caffeine.CaffeineCacheManager to the classpath.
2024-06-05T19:37:59.318-03:00  INFO 2907 --- [projeta] [main] o.s.c.n.eureka.InstanceInfoFactory       : Setting initial instance status as: STARTING
2024-06-05T19:37:59.405-03:00  INFO 2907 --- [projeta] [main] com.netflix.discovery.DiscoveryClient    : Initializing Eureka in region us-east-1
2024-06-05T19:37:59.411-03:00  INFO 2907 --- [projeta] [main] c.n.d.s.r.aws.ConfigClusterResolver      : Resolving eureka endpoints via configuration
2024-06-05T19:37:59.439-03:00  INFO 2907 --- [projeta] [main] com.netflix.discovery.DiscoveryClient    : Disable delta property : false
2024-06-05T19:37:59.439-03:00  INFO 2907 --- [projeta] [main] com.netflix.discovery.DiscoveryClient    : Single vip registry refresh property : null
2024-06-05T19:37:59.439-03:00  INFO 2907 --- [projeta] [main] com.netflix.discovery.DiscoveryClient    : Force full registry fetch : false
2024-06-05T19:37:59.439-03:00  INFO 2907 --- [projeta] [main] com.netflix.discovery.DiscoveryClient    : Application is null : false
2024-06-05T19:37:59.439-03:00  INFO 2907 --- [projeta] [main] com.netflix.discovery.DiscoveryClient    : Registered Applications size is zero : true
2024-06-05T19:37:59.439-03:00  INFO 2907 --- [projeta] [main] com.netflix.discovery.DiscoveryClient    : Application version is -1: true
2024-06-05T19:37:59.440-03:00  INFO 2907 --- [projeta] [main] com.netflix.discovery.DiscoveryClient    : Getting all instance registry info from the eureka server
2024-06-05T19:37:59.842-03:00  INFO 2907 --- [projeta] [main] com.netflix.discovery.DiscoveryClient    : The response status is 200
2024-06-05T19:37:59.845-03:00  INFO 2907 --- [projeta] [main] com.netflix.discovery.DiscoveryClient    : Starting heartbeat executor: renew interval is: 30
2024-06-05T19:37:59.851-03:00  INFO 2907 --- [projeta] [main] c.n.discovery.InstanceInfoReplicator     : InstanceInfoReplicator onDemand update allowed rate per min is 4
2024-06-05T19:37:59.856-03:00  INFO 2907 --- [projeta] [main] com.netflix.discovery.DiscoveryClient    : Discovery Client initialized at timestamp 1717627079855 with initial instances count: 1
2024-06-05T19:37:59.859-03:00  INFO 2907 --- [projeta] [main] o.s.c.n.e.s.EurekaServiceRegistry        : Registering application PROJETA with eureka with status UP
2024-06-05T19:37:59.860-03:00  INFO 2907 --- [projeta] [main] com.netflix.discovery.DiscoveryClient    : Saw local status change event StatusChangeEvent [timestamp=1717627079860, current=UP, previous=STARTING]
2024-06-05T19:37:59.862-03:00  INFO 2907 --- [projeta] [DiscoveryClient-InstanceInfoReplicator-0] com.netflix.discovery.DiscoveryClient    : DiscoveryClient_PROJETA/172.22.12.206:projeta:3001: registering service...
2024-06-05T19:37:59.887-03:00  INFO 2907 --- [projeta] [main] o.s.b.w.embedded.tomcat.TomcatWebServer  : Tomcat started on port 3001 (http) with context path '/projeta'
2024-06-05T19:37:59.889-03:00  INFO 2907 --- [projeta] [main] .s.c.n.e.s.EurekaAutoServiceRegistration : Updating port to 3001
2024-06-05T19:37:59.910-03:00  INFO 2907 --- [projeta] [main] br.com.projeta.site.SiteApplication      : Started SiteApplication in 3.122 seconds (process running for 3.628)
2024-06-05T19:37:59.985-03:00  INFO 2907 --- [projeta] [DiscoveryClient-InstanceInfoReplicator-0] com.netflix.discovery.DiscoveryClient    : DiscoveryClient_PROJETA/172.22.12.206:projeta:3001 - registration status: 204
2024-06-05T19:39:47.947-03:00  INFO 2907 --- [projeta] [http-nio-3001-exec-1] o.a.c.c.C.[.[localhost].[/projeta]       : Initializing Spring DispatcherServlet 'dispatcherServlet'
2024-06-05T19:39:47.948-03:00  INFO 2907 --- [projeta] [http-nio-3001-exec-1] o.s.web.servlet.DispatcherServlet        : Initializing Servlet 'dispatcherServlet'
2024-06-05T19:39:47.950-03:00  INFO 2907 --- [projeta] [http-nio-3001-exec-1] o.s.web.servlet.DispatcherServlet        : Completed initialization in 2 ms
2024-06-05T19:42:59.442-03:00  INFO 2907 --- [projeta] [AsyncResolver-bootstrap-executor-0] c.n.d.s.r.aws.ConfigClusterResolver      : Resolving eureka endpoints via configuration
2024-06-05T19:47:59.443-03:00  INFO 2907 --- [projeta] [AsyncResolver-bootstrap-executor-0] c.n.d.s.r.aws.ConfigClusterResolver      : Resolving eureka endpoints via configuration
2024-06-05T19:52:59.444-03:00  INFO 2907 --- [projeta] [AsyncResolver-bootstrap-executor-0] c.n.d.s.r.aws.ConfigClusterResolver      : Resolving eureka endpoints via configuration
2024-06-05T19:57:59.444-03:00  INFO 2907 --- [projeta] [AsyncResolver-bootstrap-executor-0] c.n.d.s.r.aws.ConfigClusterResolver      : Resolving eureka endpoints via configuration
2024-06-05T20:02:59.445-03:00  INFO 2907 --- [projeta] [AsyncResolver-bootstrap-executor-0] c.n.d.s.r.aws.ConfigClusterResolver      : Resolving eureka endpoints via configuration
2024-06-05T20:07:59.446-03:00  INFO 2907 --- [projeta] [AsyncResolver-bootstrap-executor-0] c.n.d.s.r.aws.ConfigClusterResolver      : Resolving eureka endpoints via configuration
2024-06-05T20:12:59.447-03:00  INFO 2907 --- [projeta] [AsyncResolver-bootstrap-executor-0] c.n.d.s.r.aws.ConfigClusterResolver      : Resolving eureka endpoints via configuration
2024-06-05T20:17:59.448-03:00  INFO 2907 --- [projeta] [AsyncResolver-bootstrap-executor-0] c.n.d.s.r.aws.ConfigClusterResolver      : Resolving eureka endpoints via configuration
2024-06-05T20:22:59.449-03:00  INFO 2907 --- [projeta] [AsyncResolver-bootstrap-executor-0] c.n.d.s.r.aws.ConfigClusterResolver      : Resolving eureka endpoints via configuration
2024-06-05T20:27:59.450-03:00  INFO 2907 --- [projeta] [AsyncResolver-bootstrap-executor-0] c.n.d.s.r.aws.ConfigClusterResolver      : Resolving eureka endpoints via configuration
2024-06-05T20:32:59.451-03:00  INFO 2907 --- [projeta] [AsyncResolver-bootstrap-executor-0] c.n.d.s.r.aws.ConfigClusterResolver      : Resolving eureka endpoints via configuration
2024-06-05T20:37:59.452-03:00  INFO 2907 --- [projeta] [AsyncResolver-bootstrap-executor-0] c.n.d.s.r.aws.ConfigClusterResolver      : Resolving eureka endpoints via configuration
2024-06-05T20:42:59.453-03:00  INFO 2907 --- [projeta] [AsyncResolver-bootstrap-executor-0] c.n.d.s.r.aws.ConfigClusterResolver      : Resolving eureka endpoints via configuration
2024-06-05T20:47:59.454-03:00  INFO 2907 --- [projeta] [AsyncResolver-bootstrap-executor-0] c.n.d.s.r.aws.ConfigClusterResolver      : Resolving eureka endpoints via configuration
2024-06-05T20:52:59.455-03:00  INFO 2907 --- [projeta] [AsyncResolver-bootstrap-executor-0] c.n.d.s.r.aws.ConfigClusterResolver      : Resolving eureka endpoints via configuration
2024-06-05T20:57:59.455-03:00  INFO 2907 --- [projeta] [AsyncResolver-bootstrap-executor-0] c.n.d.s.r.aws.ConfigClusterResolver      : Resolving eureka endpoints via configuration
2024-06-05T21:02:59.458-03:00  INFO 2907 --- [projeta] [AsyncResolver-bootstrap-executor-0] c.n.d.s.r.aws.ConfigClusterResolver      : Resolving eureka endpoints via configuration
2024-06-05T21:07:59.459-03:00  INFO 2907 --- [projeta] [AsyncResolver-bootstrap-executor-0] c.n.d.s.r.aws.ConfigClusterResolver      : Resolving eureka endpoints via configuration
2024-06-05T21:12:59.460-03:00  INFO 2907 --- [projeta] [AsyncResolver-bootstrap-executor-0] c.n.d.s.r.aws.ConfigClusterResolver      : Resolving eureka endpoints via configuration
2024-06-05T21:17:59.461-03:00  INFO 2907 --- [projeta] [AsyncResolver-bootstrap-executor-0] c.n.d.s.r.aws.ConfigClusterResolver      : Resolving eureka endpoints via configuration
2024-06-05T21:22:59.465-03:00  INFO 2907 --- [projeta] [AsyncResolver-bootstrap-executor-0] c.n.d.s.r.aws.ConfigClusterResolver      : Resolving eureka endpoints via configuration
2024-06-05T21:27:59.466-03:00  INFO 2907 --- [projeta] [AsyncResolver-bootstrap-executor-0] c.n.d.s.r.aws.ConfigClusterResolver      : Resolving eureka endpoints via configuration
2024-06-05T21:32:59.467-03:00  INFO 2907 --- [projeta] [AsyncResolver-bootstrap-executor-0] c.n.d.s.r.aws.ConfigClusterResolver      : Resolving eureka endpoints via configuration
2024-06-05T21:37:59.468-03:00  INFO 2907 --- [projeta] [AsyncResolver-bootstrap-executor-0] c.n.d.s.r.aws.ConfigClusterResolver      : Resolving eureka endpoints via configuration
2024-06-05T21:42:59.470-03:00  INFO 2907 --- [projeta] [AsyncResolver-bootstrap-executor-0] c.n.d.s.r.aws.ConfigClusterResolver      : Resolving eureka endpoints via configuration
2024-06-05T21:47:59.471-03:00  INFO 2907 --- [projeta] [AsyncResolver-bootstrap-executor-0] c.n.d.s.r.aws.ConfigClusterResolver      : Resolving eureka endpoints via configuration
2024-06-05T21:52:59.472-03:00  INFO 2907 --- [projeta] [AsyncResolver-bootstrap-executor-0] c.n.d.s.r.aws.ConfigClusterResolver      : Resolving eureka endpoints via configuration
2024-06-05T21:57:59.472-03:00  INFO 2907 --- [projeta] [AsyncResolver-bootstrap-executor-0] c.n.d.s.r.aws.ConfigClusterResolver      : Resolving eureka endpoints via configuration
2024-06-05T22:02:59.473-03:00  INFO 2907 --- [projeta] [AsyncResolver-bootstrap-executor-0] c.n.d.s.r.aws.ConfigClusterResolver      : Resolving eureka endpoints via configuration
