2024-04-01T11:13:19.649-03:00  INFO 10536 --- [projeta] [restartedMain] br.com.prototype.site.SiteApplication    : Starting SiteApplication using Java 17.0.7 with PID 10536 (C:\Users\carlos-monteiro\Documents\workspace\prototype\ms-base\MS---base\api-site\target\classes started by carlos-monteiro in C:\Users\carlos-monteiro\Documents\workspace\prototype\ms-base\MS---base)
2024-04-01T11:13:19.658-03:00  INFO 10536 --- [projeta] [restartedMain] br.com.prototype.site.SiteApplication    : No active profile set, falling back to 1 default profile: "default"
2024-04-01T11:13:19.728-03:00  INFO 10536 --- [projeta] [restartedMain] .e.DevToolsPropertyDefaultsPostProcessor : Devtools property defaults active! Set 'spring.devtools.add-properties' to 'false' to disable
2024-04-01T11:13:19.729-03:00  INFO 10536 --- [projeta] [restartedMain] .e.DevToolsPropertyDefaultsPostProcessor : For additional web related logging consider setting the 'logging.level.web' property to 'DEBUG'
2024-04-01T11:13:20.556-03:00  INFO 10536 --- [projeta] [restartedMain] o.s.cloud.context.scope.GenericScope     : BeanFactory id=e815161b-a918-367e-81e7-64e0b325b443
2024-04-01T11:13:20.608-03:00  WARN 10536 --- [projeta] [restartedMain] trationDelegate$BeanPostProcessorChecker : Bean 'org.springframework.cloud.client.loadbalancer.LoadBalancerAutoConfiguration$LoadBalancerInterceptorConfig' of type [org.springframework.cloud.client.loadbalancer.LoadBalancerAutoConfiguration$LoadBalancerInterceptorConfig] is not eligible for getting processed by all BeanPostProcessors (for example: not eligible for auto-proxying). The currently created BeanPostProcessor [lbRestClientPostProcessor] is declared through a non-static factory method on that class; consider declaring it as static instead.
2024-04-01T11:13:20.615-03:00  WARN 10536 --- [projeta] [restartedMain] trationDelegate$BeanPostProcessorChecker : Bean 'org.springframework.cloud.loadbalancer.config.BlockingLoadBalancerClientAutoConfiguration' of type [org.springframework.cloud.loadbalancer.config.BlockingLoadBalancerClientAutoConfiguration] is not eligible for getting processed by all BeanPostProcessors (for example: not eligible for auto-proxying). Is this bean getting eagerly injected into a currently created BeanPostProcessor [lbRestClientPostProcessor]? Check the corresponding BeanPostProcessor declaration and its dependencies.
2024-04-01T11:13:20.618-03:00  WARN 10536 --- [projeta] [restartedMain] trationDelegate$BeanPostProcessorChecker : Bean 'org.springframework.cloud.loadbalancer.config.LoadBalancerAutoConfiguration' of type [org.springframework.cloud.loadbalancer.config.LoadBalancerAutoConfiguration] is not eligible for getting processed by all BeanPostProcessors (for example: not eligible for auto-proxying). Is this bean getting eagerly injected into a currently created BeanPostProcessor [lbRestClientPostProcessor]? Check the corresponding BeanPostProcessor declaration and its dependencies.
2024-04-01T11:13:20.628-03:00  WARN 10536 --- [projeta] [restartedMain] trationDelegate$BeanPostProcessorChecker : Bean 'org.springframework.cloud.commons.config.CommonsConfigAutoConfiguration' of type [org.springframework.cloud.commons.config.CommonsConfigAutoConfiguration] is not eligible for getting processed by all BeanPostProcessors (for example: not eligible for auto-proxying). Is this bean getting eagerly injected into a currently created BeanPostProcessor [lbRestClientPostProcessor]? Check the corresponding BeanPostProcessor declaration and its dependencies.
2024-04-01T11:13:20.632-03:00  WARN 10536 --- [projeta] [restartedMain] trationDelegate$BeanPostProcessorChecker : Bean 'org.springframework.cloud.client.loadbalancer.LoadBalancerDefaultMappingsProviderAutoConfiguration' of type [org.springframework.cloud.client.loadbalancer.LoadBalancerDefaultMappingsProviderAutoConfiguration] is not eligible for getting processed by all BeanPostProcessors (for example: not eligible for auto-proxying). Is this bean getting eagerly injected into a currently created BeanPostProcessor [lbRestClientPostProcessor]? Check the corresponding BeanPostProcessor declaration and its dependencies.
2024-04-01T11:13:20.633-03:00  WARN 10536 --- [projeta] [restartedMain] trationDelegate$BeanPostProcessorChecker : Bean 'loadBalancerClientsDefaultsMappingsProvider' of type [org.springframework.cloud.client.loadbalancer.LoadBalancerDefaultMappingsProviderAutoConfiguration$$Lambda$468/0x0000000801309000] is not eligible for getting processed by all BeanPostProcessors (for example: not eligible for auto-proxying). Is this bean getting eagerly injected into a currently created BeanPostProcessor [lbRestClientPostProcessor]? Check the corresponding BeanPostProcessor declaration and its dependencies.
2024-04-01T11:13:20.636-03:00  WARN 10536 --- [projeta] [restartedMain] trationDelegate$BeanPostProcessorChecker : Bean 'defaultsBindHandlerAdvisor' of type [org.springframework.cloud.commons.config.DefaultsBindHandlerAdvisor] is not eligible for getting processed by all BeanPostProcessors (for example: not eligible for auto-proxying). Is this bean getting eagerly injected into a currently created BeanPostProcessor [lbRestClientPostProcessor]? Check the corresponding BeanPostProcessor declaration and its dependencies.
2024-04-01T11:13:20.644-03:00  WARN 10536 --- [projeta] [restartedMain] trationDelegate$BeanPostProcessorChecker : Bean 'spring.cloud.loadbalancer-org.springframework.cloud.client.loadbalancer.LoadBalancerClientsProperties' of type [org.springframework.cloud.client.loadbalancer.LoadBalancerClientsProperties] is not eligible for getting processed by all BeanPostProcessors (for example: not eligible for auto-proxying). Is this bean getting eagerly injected into a currently created BeanPostProcessor [lbRestClientPostProcessor]? Check the corresponding BeanPostProcessor declaration and its dependencies.
2024-04-01T11:13:20.656-03:00  WARN 10536 --- [projeta] [restartedMain] trationDelegate$BeanPostProcessorChecker : Bean 'default.org.springframework.cloud.loadbalancer.config.LoadBalancerAutoConfiguration.LoadBalancerClientSpecification' of type [org.springframework.cloud.loadbalancer.annotation.LoadBalancerClientSpecification] is not eligible for getting processed by all BeanPostProcessors (for example: not eligible for auto-proxying). Is this bean getting eagerly injected into a currently created BeanPostProcessor [lbRestClientPostProcessor]? Check the corresponding BeanPostProcessor declaration and its dependencies.
2024-04-01T11:13:20.658-03:00  WARN 10536 --- [projeta] [restartedMain] trationDelegate$BeanPostProcessorChecker : Bean 'default.org.springframework.cloud.loadbalancer.config.BlockingLoadBalancerClientAutoConfiguration.LoadBalancerClientSpecification' of type [org.springframework.cloud.loadbalancer.annotation.LoadBalancerClientSpecification] is not eligible for getting processed by all BeanPostProcessors (for example: not eligible for auto-proxying). Is this bean getting eagerly injected into a currently created BeanPostProcessor [lbRestClientPostProcessor]? Check the corresponding BeanPostProcessor declaration and its dependencies.
2024-04-01T11:13:20.660-03:00  WARN 10536 --- [projeta] [restartedMain] trationDelegate$BeanPostProcessorChecker : Bean 'default.org.springframework.cloud.netflix.eureka.loadbalancer.LoadBalancerEurekaAutoConfiguration.LoadBalancerClientSpecification' of type [org.springframework.cloud.loadbalancer.annotation.LoadBalancerClientSpecification] is not eligible for getting processed by all BeanPostProcessors (for example: not eligible for auto-proxying). Is this bean getting eagerly injected into a currently created BeanPostProcessor [lbRestClientPostProcessor]? Check the corresponding BeanPostProcessor declaration and its dependencies.
2024-04-01T11:13:20.662-03:00  WARN 10536 --- [projeta] [restartedMain] trationDelegate$BeanPostProcessorChecker : Bean 'loadBalancerClientFactory' of type [org.springframework.cloud.loadbalancer.support.LoadBalancerClientFactory] is not eligible for getting processed by all BeanPostProcessors (for example: not eligible for auto-proxying). Is this bean getting eagerly injected into a currently created BeanPostProcessor [lbRestClientPostProcessor]? Check the corresponding BeanPostProcessor declaration and its dependencies.
2024-04-01T11:13:20.666-03:00  WARN 10536 --- [projeta] [restartedMain] trationDelegate$BeanPostProcessorChecker : Bean 'blockingLoadBalancerClient' of type [org.springframework.cloud.loadbalancer.blocking.client.BlockingLoadBalancerClient] is not eligible for getting processed by all BeanPostProcessors (for example: not eligible for auto-proxying). Is this bean getting eagerly injected into a currently created BeanPostProcessor [lbRestClientPostProcessor]? Check the corresponding BeanPostProcessor declaration and its dependencies.
2024-04-01T11:13:20.676-03:00  WARN 10536 --- [projeta] [restartedMain] trationDelegate$BeanPostProcessorChecker : Bean 'loadBalancerServiceInstanceCookieTransformer' of type [org.springframework.cloud.loadbalancer.core.LoadBalancerServiceInstanceCookieTransformer] is not eligible for getting processed by all BeanPostProcessors (for example: not eligible for auto-proxying). Is this bean getting eagerly injected into a currently created BeanPostProcessor [lbRestClientPostProcessor]? Check the corresponding BeanPostProcessor declaration and its dependencies.
2024-04-01T11:13:20.678-03:00  WARN 10536 --- [projeta] [restartedMain] trationDelegate$BeanPostProcessorChecker : Bean 'xForwarderHeadersTransformer' of type [org.springframework.cloud.loadbalancer.blocking.XForwardedHeadersTransformer] is not eligible for getting processed by all BeanPostProcessors (for example: not eligible for auto-proxying). Is this bean getting eagerly injected into a currently created BeanPostProcessor [lbRestClientPostProcessor]? Check the corresponding BeanPostProcessor declaration and its dependencies.
2024-04-01T11:13:20.679-03:00  WARN 10536 --- [projeta] [restartedMain] trationDelegate$BeanPostProcessorChecker : Bean 'org.springframework.cloud.client.loadbalancer.LoadBalancerAutoConfiguration' of type [org.springframework.cloud.client.loadbalancer.LoadBalancerAutoConfiguration] is not eligible for getting processed by all BeanPostProcessors (for example: not eligible for auto-proxying). Is this bean getting eagerly injected into a currently created BeanPostProcessor [lbRestClientPostProcessor]? Check the corresponding BeanPostProcessor declaration and its dependencies.
2024-04-01T11:13:20.681-03:00  WARN 10536 --- [projeta] [restartedMain] trationDelegate$BeanPostProcessorChecker : Bean 'loadBalancerRequestFactory' of type [org.springframework.cloud.client.loadbalancer.LoadBalancerRequestFactory] is not eligible for getting processed by all BeanPostProcessors (for example: not eligible for auto-proxying). Is this bean getting eagerly injected into a currently created BeanPostProcessor [lbRestClientPostProcessor]? Check the corresponding BeanPostProcessor declaration and its dependencies.
2024-04-01T11:13:20.683-03:00  WARN 10536 --- [projeta] [restartedMain] trationDelegate$BeanPostProcessorChecker : Bean 'loadBalancerInterceptor' of type [org.springframework.cloud.client.loadbalancer.LoadBalancerInterceptor] is not eligible for getting processed by all BeanPostProcessors (for example: not eligible for auto-proxying). Is this bean getting eagerly injected into a currently created BeanPostProcessor [lbRestClientPostProcessor]? Check the corresponding BeanPostProcessor declaration and its dependencies.
2024-04-01T11:13:21.073-03:00  INFO 10536 --- [projeta] [restartedMain] o.s.b.w.embedded.tomcat.TomcatWebServer  : Tomcat initialized with port 3001 (http)
2024-04-01T11:13:21.087-03:00  INFO 10536 --- [projeta] [restartedMain] o.apache.catalina.core.StandardService   : Starting service [Tomcat]
2024-04-01T11:13:21.087-03:00  INFO 10536 --- [projeta] [restartedMain] o.apache.catalina.core.StandardEngine    : Starting Servlet engine: [Apache Tomcat/10.1.19]
2024-04-01T11:13:21.138-03:00  INFO 10536 --- [projeta] [restartedMain] o.a.c.c.C.[.[localhost].[/projeta]       : Initializing Spring embedded WebApplicationContext
2024-04-01T11:13:21.139-03:00  INFO 10536 --- [projeta] [restartedMain] w.s.c.ServletWebServerApplicationContext : Root WebApplicationContext: initialization completed in 1409 ms
2024-04-01T11:13:21.267-03:00  INFO 10536 --- [projeta] [restartedMain] o.s.b.a.w.s.WelcomePageHandlerMapping    : Adding welcome page template: index
2024-04-01T11:13:21.695-03:00  WARN 10536 --- [projeta] [restartedMain] o.s.b.d.a.OptionalLiveReloadServer       : Unable to start LiveReload server
2024-04-01T11:13:21.817-03:00  INFO 10536 --- [projeta] [restartedMain] DiscoveryClientOptionalArgsConfiguration : Eureka HTTP Client uses RestTemplate.
2024-04-01T11:13:21.928-03:00  WARN 10536 --- [projeta] [restartedMain] iguration$LoadBalancerCaffeineWarnLogger : Spring Cloud LoadBalancer is currently working with the default cache. While this cache implementation is useful for development and tests, it's recommended to use Caffeine cache in production.You can switch to using Caffeine cache, by adding it and org.springframework.cache.caffeine.CaffeineCacheManager to the classpath.
2024-04-01T11:13:21.953-03:00  INFO 10536 --- [projeta] [restartedMain] o.s.c.n.eureka.InstanceInfoFactory       : Setting initial instance status as: STARTING
2024-04-01T11:13:22.029-03:00  INFO 10536 --- [projeta] [restartedMain] com.netflix.discovery.DiscoveryClient    : Initializing Eureka in region us-east-1
2024-04-01T11:13:22.035-03:00  INFO 10536 --- [projeta] [restartedMain] c.n.d.s.r.aws.ConfigClusterResolver      : Resolving eureka endpoints via configuration
2024-04-01T11:13:22.058-03:00  INFO 10536 --- [projeta] [restartedMain] com.netflix.discovery.DiscoveryClient    : Disable delta property : false
2024-04-01T11:13:22.058-03:00  INFO 10536 --- [projeta] [restartedMain] com.netflix.discovery.DiscoveryClient    : Single vip registry refresh property : null
2024-04-01T11:13:22.059-03:00  INFO 10536 --- [projeta] [restartedMain] com.netflix.discovery.DiscoveryClient    : Force full registry fetch : false
2024-04-01T11:13:22.059-03:00  INFO 10536 --- [projeta] [restartedMain] com.netflix.discovery.DiscoveryClient    : Application is null : false
2024-04-01T11:13:22.060-03:00  INFO 10536 --- [projeta] [restartedMain] com.netflix.discovery.DiscoveryClient    : Registered Applications size is zero : true
2024-04-01T11:13:22.060-03:00  INFO 10536 --- [projeta] [restartedMain] com.netflix.discovery.DiscoveryClient    : Application version is -1: true
2024-04-01T11:13:22.060-03:00  INFO 10536 --- [projeta] [restartedMain] com.netflix.discovery.DiscoveryClient    : Getting all instance registry info from the eureka server
2024-04-01T11:13:22.441-03:00  INFO 10536 --- [projeta] [restartedMain] com.netflix.discovery.DiscoveryClient    : The response status is 200
2024-04-01T11:13:22.444-03:00  INFO 10536 --- [projeta] [restartedMain] com.netflix.discovery.DiscoveryClient    : Starting heartbeat executor: renew interval is: 30
2024-04-01T11:13:22.449-03:00  INFO 10536 --- [projeta] [restartedMain] c.n.discovery.InstanceInfoReplicator     : InstanceInfoReplicator onDemand update allowed rate per min is 4
2024-04-01T11:13:22.455-03:00  INFO 10536 --- [projeta] [restartedMain] com.netflix.discovery.DiscoveryClient    : Discovery Client initialized at timestamp 1711980802454 with initial instances count: 1
2024-04-01T11:13:22.458-03:00  INFO 10536 --- [projeta] [restartedMain] o.s.c.n.e.s.EurekaServiceRegistry        : Registering application PROJETA with eureka with status UP
2024-04-01T11:13:22.460-03:00  INFO 10536 --- [projeta] [restartedMain] com.netflix.discovery.DiscoveryClient    : Saw local status change event StatusChangeEvent [timestamp=1711980802460, current=UP, previous=STARTING]
2024-04-01T11:13:22.462-03:00  INFO 10536 --- [projeta] [DiscoveryClient-InstanceInfoReplicator-0] com.netflix.discovery.DiscoveryClient    : DiscoveryClient_PROJETA/NITRO-CAR-WIN:projeta:3001: registering service...
2024-04-01T11:13:22.483-03:00  INFO 10536 --- [projeta] [restartedMain] o.s.b.w.embedded.tomcat.TomcatWebServer  : Tomcat started on port 3001 (http) with context path '/projeta'
2024-04-01T11:13:22.485-03:00  INFO 10536 --- [projeta] [restartedMain] .s.c.n.e.s.EurekaAutoServiceRegistration : Updating port to 3001
2024-04-01T11:13:22.565-03:00  INFO 10536 --- [projeta] [DiscoveryClient-InstanceInfoReplicator-0] com.netflix.discovery.DiscoveryClient    : DiscoveryClient_PROJETA/NITRO-CAR-WIN:projeta:3001 - registration status: 204
2024-04-01T11:13:22.576-03:00  INFO 10536 --- [projeta] [restartedMain] br.com.prototype.site.SiteApplication    : Started SiteApplication in 3.445 seconds (process running for 3.867)
2024-04-01T11:13:45.828-03:00  INFO 10536 --- [projeta] [http-nio-3001-exec-1] o.a.c.c.C.[.[localhost].[/projeta]       : Initializing Spring DispatcherServlet 'dispatcherServlet'
2024-04-01T11:13:45.829-03:00  INFO 10536 --- [projeta] [http-nio-3001-exec-1] o.s.web.servlet.DispatcherServlet        : Initializing Servlet 'dispatcherServlet'
2024-04-01T11:13:45.830-03:00  INFO 10536 --- [projeta] [http-nio-3001-exec-1] o.s.web.servlet.DispatcherServlet        : Completed initialization in 1 ms
2024-04-01T11:18:22.069-03:00  INFO 10536 --- [projeta] [AsyncResolver-bootstrap-executor-0] c.n.d.s.r.aws.ConfigClusterResolver      : Resolving eureka endpoints via configuration
2024-04-01T11:23:22.077-03:00  INFO 10536 --- [projeta] [AsyncResolver-bootstrap-executor-0] c.n.d.s.r.aws.ConfigClusterResolver      : Resolving eureka endpoints via configuration
2024-04-01T11:28:22.083-03:00  INFO 10536 --- [projeta] [AsyncResolver-bootstrap-executor-0] c.n.d.s.r.aws.ConfigClusterResolver      : Resolving eureka endpoints via configuration
2024-04-01T11:33:22.090-03:00  INFO 10536 --- [projeta] [AsyncResolver-bootstrap-executor-0] c.n.d.s.r.aws.ConfigClusterResolver      : Resolving eureka endpoints via configuration
2024-04-01T11:38:22.103-03:00  INFO 10536 --- [projeta] [AsyncResolver-bootstrap-executor-0] c.n.d.s.r.aws.ConfigClusterResolver      : Resolving eureka endpoints via configuration
2024-04-01T11:43:22.113-03:00  INFO 10536 --- [projeta] [AsyncResolver-bootstrap-executor-0] c.n.d.s.r.aws.ConfigClusterResolver      : Resolving eureka endpoints via configuration
2024-04-01T11:48:22.124-03:00  INFO 10536 --- [projeta] [AsyncResolver-bootstrap-executor-0] c.n.d.s.r.aws.ConfigClusterResolver      : Resolving eureka endpoints via configuration
2024-04-01T11:53:22.134-03:00  INFO 10536 --- [projeta] [AsyncResolver-bootstrap-executor-0] c.n.d.s.r.aws.ConfigClusterResolver      : Resolving eureka endpoints via configuration
2024-04-01T11:58:22.139-03:00  INFO 10536 --- [projeta] [AsyncResolver-bootstrap-executor-0] c.n.d.s.r.aws.ConfigClusterResolver      : Resolving eureka endpoints via configuration
2024-04-01T12:03:22.154-03:00  INFO 10536 --- [projeta] [AsyncResolver-bootstrap-executor-0] c.n.d.s.r.aws.ConfigClusterResolver      : Resolving eureka endpoints via configuration
2024-04-01T12:08:22.159-03:00  INFO 10536 --- [projeta] [AsyncResolver-bootstrap-executor-0] c.n.d.s.r.aws.ConfigClusterResolver      : Resolving eureka endpoints via configuration
2024-04-01T12:13:22.170-03:00  INFO 10536 --- [projeta] [AsyncResolver-bootstrap-executor-0] c.n.d.s.r.aws.ConfigClusterResolver      : Resolving eureka endpoints via configuration
2024-04-01T12:18:22.182-03:00  INFO 10536 --- [projeta] [AsyncResolver-bootstrap-executor-0] c.n.d.s.r.aws.ConfigClusterResolver      : Resolving eureka endpoints via configuration
2024-04-01T12:23:22.188-03:00  INFO 10536 --- [projeta] [AsyncResolver-bootstrap-executor-0] c.n.d.s.r.aws.ConfigClusterResolver      : Resolving eureka endpoints via configuration
2024-04-01T12:28:22.204-03:00  INFO 10536 --- [projeta] [AsyncResolver-bootstrap-executor-0] c.n.d.s.r.aws.ConfigClusterResolver      : Resolving eureka endpoints via configuration
2024-04-01T12:33:22.208-03:00  INFO 10536 --- [projeta] [AsyncResolver-bootstrap-executor-0] c.n.d.s.r.aws.ConfigClusterResolver      : Resolving eureka endpoints via configuration
2024-04-01T12:38:22.211-03:00  INFO 10536 --- [projeta] [AsyncResolver-bootstrap-executor-0] c.n.d.s.r.aws.ConfigClusterResolver      : Resolving eureka endpoints via configuration
2024-04-01T12:43:22.221-03:00  INFO 10536 --- [projeta] [AsyncResolver-bootstrap-executor-0] c.n.d.s.r.aws.ConfigClusterResolver      : Resolving eureka endpoints via configuration
2024-04-01T12:48:22.230-03:00  INFO 10536 --- [projeta] [AsyncResolver-bootstrap-executor-0] c.n.d.s.r.aws.ConfigClusterResolver      : Resolving eureka endpoints via configuration
2024-04-01T12:53:22.234-03:00  INFO 10536 --- [projeta] [AsyncResolver-bootstrap-executor-0] c.n.d.s.r.aws.ConfigClusterResolver      : Resolving eureka endpoints via configuration
2024-04-01T12:58:22.250-03:00  INFO 10536 --- [projeta] [AsyncResolver-bootstrap-executor-0] c.n.d.s.r.aws.ConfigClusterResolver      : Resolving eureka endpoints via configuration
2024-04-01T14:26:37.187-03:00  INFO 17012 --- [projeta] [restartedMain] br.com.prototype.site.SiteApplication    : Starting SiteApplication using Java 17.0.7 with PID 17012 (C:\Users\carlos-monteiro\Documents\workspace\prototype\ms-base\MS---base\api-site\target\classes started by carlos-monteiro in C:\Users\carlos-monteiro\Documents\workspace\prototype\ms-base\MS---base)
2024-04-01T14:26:37.190-03:00  INFO 17012 --- [projeta] [restartedMain] br.com.prototype.site.SiteApplication    : No active profile set, falling back to 1 default profile: "default"
2024-04-01T14:26:37.260-03:00  INFO 17012 --- [projeta] [restartedMain] .e.DevToolsPropertyDefaultsPostProcessor : Devtools property defaults active! Set 'spring.devtools.add-properties' to 'false' to disable
2024-04-01T14:26:37.261-03:00  INFO 17012 --- [projeta] [restartedMain] .e.DevToolsPropertyDefaultsPostProcessor : For additional web related logging consider setting the 'logging.level.web' property to 'DEBUG'
2024-04-01T14:26:38.110-03:00  INFO 17012 --- [projeta] [restartedMain] o.s.cloud.context.scope.GenericScope     : BeanFactory id=e815161b-a918-367e-81e7-64e0b325b443
2024-04-01T14:26:38.158-03:00  WARN 17012 --- [projeta] [restartedMain] trationDelegate$BeanPostProcessorChecker : Bean 'org.springframework.cloud.client.loadbalancer.LoadBalancerAutoConfiguration$LoadBalancerInterceptorConfig' of type [org.springframework.cloud.client.loadbalancer.LoadBalancerAutoConfiguration$LoadBalancerInterceptorConfig] is not eligible for getting processed by all BeanPostProcessors (for example: not eligible for auto-proxying). The currently created BeanPostProcessor [lbRestClientPostProcessor] is declared through a non-static factory method on that class; consider declaring it as static instead.
2024-04-01T14:26:38.165-03:00  WARN 17012 --- [projeta] [restartedMain] trationDelegate$BeanPostProcessorChecker : Bean 'org.springframework.cloud.loadbalancer.config.BlockingLoadBalancerClientAutoConfiguration' of type [org.springframework.cloud.loadbalancer.config.BlockingLoadBalancerClientAutoConfiguration] is not eligible for getting processed by all BeanPostProcessors (for example: not eligible for auto-proxying). Is this bean getting eagerly injected into a currently created BeanPostProcessor [lbRestClientPostProcessor]? Check the corresponding BeanPostProcessor declaration and its dependencies.
2024-04-01T14:26:38.168-03:00  WARN 17012 --- [projeta] [restartedMain] trationDelegate$BeanPostProcessorChecker : Bean 'org.springframework.cloud.loadbalancer.config.LoadBalancerAutoConfiguration' of type [org.springframework.cloud.loadbalancer.config.LoadBalancerAutoConfiguration] is not eligible for getting processed by all BeanPostProcessors (for example: not eligible for auto-proxying). Is this bean getting eagerly injected into a currently created BeanPostProcessor [lbRestClientPostProcessor]? Check the corresponding BeanPostProcessor declaration and its dependencies.
2024-04-01T14:26:38.177-03:00  WARN 17012 --- [projeta] [restartedMain] trationDelegate$BeanPostProcessorChecker : Bean 'org.springframework.cloud.commons.config.CommonsConfigAutoConfiguration' of type [org.springframework.cloud.commons.config.CommonsConfigAutoConfiguration] is not eligible for getting processed by all BeanPostProcessors (for example: not eligible for auto-proxying). Is this bean getting eagerly injected into a currently created BeanPostProcessor [lbRestClientPostProcessor]? Check the corresponding BeanPostProcessor declaration and its dependencies.
2024-04-01T14:26:38.181-03:00  WARN 17012 --- [projeta] [restartedMain] trationDelegate$BeanPostProcessorChecker : Bean 'org.springframework.cloud.client.loadbalancer.LoadBalancerDefaultMappingsProviderAutoConfiguration' of type [org.springframework.cloud.client.loadbalancer.LoadBalancerDefaultMappingsProviderAutoConfiguration] is not eligible for getting processed by all BeanPostProcessors (for example: not eligible for auto-proxying). Is this bean getting eagerly injected into a currently created BeanPostProcessor [lbRestClientPostProcessor]? Check the corresponding BeanPostProcessor declaration and its dependencies.
2024-04-01T14:26:38.183-03:00  WARN 17012 --- [projeta] [restartedMain] trationDelegate$BeanPostProcessorChecker : Bean 'loadBalancerClientsDefaultsMappingsProvider' of type [org.springframework.cloud.client.loadbalancer.LoadBalancerDefaultMappingsProviderAutoConfiguration$$Lambda$468/0x000000080130d000] is not eligible for getting processed by all BeanPostProcessors (for example: not eligible for auto-proxying). Is this bean getting eagerly injected into a currently created BeanPostProcessor [lbRestClientPostProcessor]? Check the corresponding BeanPostProcessor declaration and its dependencies.
2024-04-01T14:26:38.185-03:00  WARN 17012 --- [projeta] [restartedMain] trationDelegate$BeanPostProcessorChecker : Bean 'defaultsBindHandlerAdvisor' of type [org.springframework.cloud.commons.config.DefaultsBindHandlerAdvisor] is not eligible for getting processed by all BeanPostProcessors (for example: not eligible for auto-proxying). Is this bean getting eagerly injected into a currently created BeanPostProcessor [lbRestClientPostProcessor]? Check the corresponding BeanPostProcessor declaration and its dependencies.
2024-04-01T14:26:38.195-03:00  WARN 17012 --- [projeta] [restartedMain] trationDelegate$BeanPostProcessorChecker : Bean 'spring.cloud.loadbalancer-org.springframework.cloud.client.loadbalancer.LoadBalancerClientsProperties' of type [org.springframework.cloud.client.loadbalancer.LoadBalancerClientsProperties] is not eligible for getting processed by all BeanPostProcessors (for example: not eligible for auto-proxying). Is this bean getting eagerly injected into a currently created BeanPostProcessor [lbRestClientPostProcessor]? Check the corresponding BeanPostProcessor declaration and its dependencies.
2024-04-01T14:26:38.208-03:00  WARN 17012 --- [projeta] [restartedMain] trationDelegate$BeanPostProcessorChecker : Bean 'default.org.springframework.cloud.loadbalancer.config.LoadBalancerAutoConfiguration.LoadBalancerClientSpecification' of type [org.springframework.cloud.loadbalancer.annotation.LoadBalancerClientSpecification] is not eligible for getting processed by all BeanPostProcessors (for example: not eligible for auto-proxying). Is this bean getting eagerly injected into a currently created BeanPostProcessor [lbRestClientPostProcessor]? Check the corresponding BeanPostProcessor declaration and its dependencies.
2024-04-01T14:26:38.211-03:00  WARN 17012 --- [projeta] [restartedMain] trationDelegate$BeanPostProcessorChecker : Bean 'default.org.springframework.cloud.loadbalancer.config.BlockingLoadBalancerClientAutoConfiguration.LoadBalancerClientSpecification' of type [org.springframework.cloud.loadbalancer.annotation.LoadBalancerClientSpecification] is not eligible for getting processed by all BeanPostProcessors (for example: not eligible for auto-proxying). Is this bean getting eagerly injected into a currently created BeanPostProcessor [lbRestClientPostProcessor]? Check the corresponding BeanPostProcessor declaration and its dependencies.
2024-04-01T14:26:38.213-03:00  WARN 17012 --- [projeta] [restartedMain] trationDelegate$BeanPostProcessorChecker : Bean 'default.org.springframework.cloud.netflix.eureka.loadbalancer.LoadBalancerEurekaAutoConfiguration.LoadBalancerClientSpecification' of type [org.springframework.cloud.loadbalancer.annotation.LoadBalancerClientSpecification] is not eligible for getting processed by all BeanPostProcessors (for example: not eligible for auto-proxying). Is this bean getting eagerly injected into a currently created BeanPostProcessor [lbRestClientPostProcessor]? Check the corresponding BeanPostProcessor declaration and its dependencies.
2024-04-01T14:26:38.216-03:00  WARN 17012 --- [projeta] [restartedMain] trationDelegate$BeanPostProcessorChecker : Bean 'loadBalancerClientFactory' of type [org.springframework.cloud.loadbalancer.support.LoadBalancerClientFactory] is not eligible for getting processed by all BeanPostProcessors (for example: not eligible for auto-proxying). Is this bean getting eagerly injected into a currently created BeanPostProcessor [lbRestClientPostProcessor]? Check the corresponding BeanPostProcessor declaration and its dependencies.
2024-04-01T14:26:38.219-03:00  WARN 17012 --- [projeta] [restartedMain] trationDelegate$BeanPostProcessorChecker : Bean 'blockingLoadBalancerClient' of type [org.springframework.cloud.loadbalancer.blocking.client.BlockingLoadBalancerClient] is not eligible for getting processed by all BeanPostProcessors (for example: not eligible for auto-proxying). Is this bean getting eagerly injected into a currently created BeanPostProcessor [lbRestClientPostProcessor]? Check the corresponding BeanPostProcessor declaration and its dependencies.
2024-04-01T14:26:38.232-03:00  WARN 17012 --- [projeta] [restartedMain] trationDelegate$BeanPostProcessorChecker : Bean 'loadBalancerServiceInstanceCookieTransformer' of type [org.springframework.cloud.loadbalancer.core.LoadBalancerServiceInstanceCookieTransformer] is not eligible for getting processed by all BeanPostProcessors (for example: not eligible for auto-proxying). Is this bean getting eagerly injected into a currently created BeanPostProcessor [lbRestClientPostProcessor]? Check the corresponding BeanPostProcessor declaration and its dependencies.
2024-04-01T14:26:38.235-03:00  WARN 17012 --- [projeta] [restartedMain] trationDelegate$BeanPostProcessorChecker : Bean 'xForwarderHeadersTransformer' of type [org.springframework.cloud.loadbalancer.blocking.XForwardedHeadersTransformer] is not eligible for getting processed by all BeanPostProcessors (for example: not eligible for auto-proxying). Is this bean getting eagerly injected into a currently created BeanPostProcessor [lbRestClientPostProcessor]? Check the corresponding BeanPostProcessor declaration and its dependencies.
2024-04-01T14:26:38.237-03:00  WARN 17012 --- [projeta] [restartedMain] trationDelegate$BeanPostProcessorChecker : Bean 'org.springframework.cloud.client.loadbalancer.LoadBalancerAutoConfiguration' of type [org.springframework.cloud.client.loadbalancer.LoadBalancerAutoConfiguration] is not eligible for getting processed by all BeanPostProcessors (for example: not eligible for auto-proxying). Is this bean getting eagerly injected into a currently created BeanPostProcessor [lbRestClientPostProcessor]? Check the corresponding BeanPostProcessor declaration and its dependencies.
2024-04-01T14:26:38.239-03:00  WARN 17012 --- [projeta] [restartedMain] trationDelegate$BeanPostProcessorChecker : Bean 'loadBalancerRequestFactory' of type [org.springframework.cloud.client.loadbalancer.LoadBalancerRequestFactory] is not eligible for getting processed by all BeanPostProcessors (for example: not eligible for auto-proxying). Is this bean getting eagerly injected into a currently created BeanPostProcessor [lbRestClientPostProcessor]? Check the corresponding BeanPostProcessor declaration and its dependencies.
2024-04-01T14:26:38.241-03:00  WARN 17012 --- [projeta] [restartedMain] trationDelegate$BeanPostProcessorChecker : Bean 'loadBalancerInterceptor' of type [org.springframework.cloud.client.loadbalancer.LoadBalancerInterceptor] is not eligible for getting processed by all BeanPostProcessors (for example: not eligible for auto-proxying). Is this bean getting eagerly injected into a currently created BeanPostProcessor [lbRestClientPostProcessor]? Check the corresponding BeanPostProcessor declaration and its dependencies.
2024-04-01T14:26:38.675-03:00  INFO 17012 --- [projeta] [restartedMain] o.s.b.w.embedded.tomcat.TomcatWebServer  : Tomcat initialized with port 3001 (http)
2024-04-01T14:26:38.695-03:00  INFO 17012 --- [projeta] [restartedMain] o.apache.catalina.core.StandardService   : Starting service [Tomcat]
2024-04-01T14:26:38.696-03:00  INFO 17012 --- [projeta] [restartedMain] o.apache.catalina.core.StandardEngine    : Starting Servlet engine: [Apache Tomcat/10.1.19]
2024-04-01T14:26:38.753-03:00  INFO 17012 --- [projeta] [restartedMain] o.a.c.c.C.[.[localhost].[/projeta]       : Initializing Spring embedded WebApplicationContext
2024-04-01T14:26:38.754-03:00  INFO 17012 --- [projeta] [restartedMain] w.s.c.ServletWebServerApplicationContext : Root WebApplicationContext: initialization completed in 1491 ms
2024-04-01T14:26:38.872-03:00  INFO 17012 --- [projeta] [restartedMain] o.s.b.a.w.s.WelcomePageHandlerMapping    : Adding welcome page template: index
2024-04-01T14:26:39.300-03:00  WARN 17012 --- [projeta] [restartedMain] o.s.b.d.a.OptionalLiveReloadServer       : Unable to start LiveReload server
2024-04-01T14:26:39.426-03:00  INFO 17012 --- [projeta] [restartedMain] DiscoveryClientOptionalArgsConfiguration : Eureka HTTP Client uses RestTemplate.
2024-04-01T14:26:39.550-03:00  WARN 17012 --- [projeta] [restartedMain] iguration$LoadBalancerCaffeineWarnLogger : Spring Cloud LoadBalancer is currently working with the default cache. While this cache implementation is useful for development and tests, it's recommended to use Caffeine cache in production.You can switch to using Caffeine cache, by adding it and org.springframework.cache.caffeine.CaffeineCacheManager to the classpath.
2024-04-01T14:26:39.575-03:00  INFO 17012 --- [projeta] [restartedMain] o.s.c.n.eureka.InstanceInfoFactory       : Setting initial instance status as: STARTING
2024-04-01T14:26:39.652-03:00  INFO 17012 --- [projeta] [restartedMain] com.netflix.discovery.DiscoveryClient    : Initializing Eureka in region us-east-1
2024-04-01T14:26:39.657-03:00  INFO 17012 --- [projeta] [restartedMain] c.n.d.s.r.aws.ConfigClusterResolver      : Resolving eureka endpoints via configuration
2024-04-01T14:26:39.680-03:00  INFO 17012 --- [projeta] [restartedMain] com.netflix.discovery.DiscoveryClient    : Disable delta property : false
2024-04-01T14:26:39.681-03:00  INFO 17012 --- [projeta] [restartedMain] com.netflix.discovery.DiscoveryClient    : Single vip registry refresh property : null
2024-04-01T14:26:39.681-03:00  INFO 17012 --- [projeta] [restartedMain] com.netflix.discovery.DiscoveryClient    : Force full registry fetch : false
2024-04-01T14:26:39.682-03:00  INFO 17012 --- [projeta] [restartedMain] com.netflix.discovery.DiscoveryClient    : Application is null : false
2024-04-01T14:26:39.682-03:00  INFO 17012 --- [projeta] [restartedMain] com.netflix.discovery.DiscoveryClient    : Registered Applications size is zero : true
2024-04-01T14:26:39.682-03:00  INFO 17012 --- [projeta] [restartedMain] com.netflix.discovery.DiscoveryClient    : Application version is -1: true
2024-04-01T14:26:39.682-03:00  INFO 17012 --- [projeta] [restartedMain] com.netflix.discovery.DiscoveryClient    : Getting all instance registry info from the eureka server
2024-04-01T14:26:40.105-03:00  INFO 17012 --- [projeta] [restartedMain] com.netflix.discovery.DiscoveryClient    : The response status is 200
2024-04-01T14:26:40.107-03:00  INFO 17012 --- [projeta] [restartedMain] com.netflix.discovery.DiscoveryClient    : Starting heartbeat executor: renew interval is: 30
2024-04-01T14:26:40.111-03:00  INFO 17012 --- [projeta] [restartedMain] c.n.discovery.InstanceInfoReplicator     : InstanceInfoReplicator onDemand update allowed rate per min is 4
2024-04-01T14:26:40.117-03:00  INFO 17012 --- [projeta] [restartedMain] com.netflix.discovery.DiscoveryClient    : Discovery Client initialized at timestamp 1711992400115 with initial instances count: 2
2024-04-01T14:26:40.119-03:00  INFO 17012 --- [projeta] [restartedMain] o.s.c.n.e.s.EurekaServiceRegistry        : Registering application PROJETA with eureka with status UP
2024-04-01T14:26:40.120-03:00  INFO 17012 --- [projeta] [restartedMain] com.netflix.discovery.DiscoveryClient    : Saw local status change event StatusChangeEvent [timestamp=1711992400120, current=UP, previous=STARTING]
2024-04-01T14:26:40.123-03:00  INFO 17012 --- [projeta] [DiscoveryClient-InstanceInfoReplicator-0] com.netflix.discovery.DiscoveryClient    : DiscoveryClient_PROJETA/NITRO-CAR-WIN:projeta:3001: registering service...
2024-04-01T14:26:40.146-03:00  INFO 17012 --- [projeta] [restartedMain] o.s.b.w.embedded.tomcat.TomcatWebServer  : Tomcat started on port 3001 (http) with context path '/projeta'
2024-04-01T14:26:40.148-03:00  INFO 17012 --- [projeta] [restartedMain] .s.c.n.e.s.EurekaAutoServiceRegistration : Updating port to 3001
2024-04-01T14:26:40.231-03:00  INFO 17012 --- [projeta] [DiscoveryClient-InstanceInfoReplicator-0] com.netflix.discovery.DiscoveryClient    : DiscoveryClient_PROJETA/NITRO-CAR-WIN:projeta:3001 - registration status: 204
2024-04-01T14:26:40.237-03:00  INFO 17012 --- [projeta] [restartedMain] br.com.prototype.site.SiteApplication    : Started SiteApplication in 3.578 seconds (process running for 4.03)
2024-04-01T14:30:57.764-03:00  INFO 17012 --- [projeta] [http-nio-3001-exec-1] o.a.c.c.C.[.[localhost].[/projeta]       : Initializing Spring DispatcherServlet 'dispatcherServlet'
2024-04-01T14:30:57.765-03:00  INFO 17012 --- [projeta] [http-nio-3001-exec-1] o.s.web.servlet.DispatcherServlet        : Initializing Servlet 'dispatcherServlet'
2024-04-01T14:30:57.767-03:00  INFO 17012 --- [projeta] [http-nio-3001-exec-1] o.s.web.servlet.DispatcherServlet        : Completed initialization in 1 ms
2024-04-01T14:31:39.699-03:00  INFO 17012 --- [projeta] [AsyncResolver-bootstrap-executor-0] c.n.d.s.r.aws.ConfigClusterResolver      : Resolving eureka endpoints via configuration
2024-04-01T14:36:39.713-03:00  INFO 17012 --- [projeta] [AsyncResolver-bootstrap-executor-0] c.n.d.s.r.aws.ConfigClusterResolver      : Resolving eureka endpoints via configuration
2024-04-01T14:41:39.726-03:00  INFO 17012 --- [projeta] [AsyncResolver-bootstrap-executor-0] c.n.d.s.r.aws.ConfigClusterResolver      : Resolving eureka endpoints via configuration
2024-04-01T14:46:39.742-03:00  INFO 17012 --- [projeta] [AsyncResolver-bootstrap-executor-0] c.n.d.s.r.aws.ConfigClusterResolver      : Resolving eureka endpoints via configuration
2024-04-01T14:51:39.749-03:00  INFO 17012 --- [projeta] [AsyncResolver-bootstrap-executor-0] c.n.d.s.r.aws.ConfigClusterResolver      : Resolving eureka endpoints via configuration
2024-04-01T14:56:39.757-03:00  INFO 17012 --- [projeta] [AsyncResolver-bootstrap-executor-0] c.n.d.s.r.aws.ConfigClusterResolver      : Resolving eureka endpoints via configuration
2024-04-01T15:01:39.764-03:00  INFO 17012 --- [projeta] [AsyncResolver-bootstrap-executor-0] c.n.d.s.r.aws.ConfigClusterResolver      : Resolving eureka endpoints via configuration
2024-04-01T15:06:39.778-03:00  INFO 17012 --- [projeta] [AsyncResolver-bootstrap-executor-0] c.n.d.s.r.aws.ConfigClusterResolver      : Resolving eureka endpoints via configuration
2024-04-01T15:11:39.791-03:00  INFO 17012 --- [projeta] [AsyncResolver-bootstrap-executor-0] c.n.d.s.r.aws.ConfigClusterResolver      : Resolving eureka endpoints via configuration
2024-04-01T15:16:39.805-03:00  INFO 17012 --- [projeta] [AsyncResolver-bootstrap-executor-0] c.n.d.s.r.aws.ConfigClusterResolver      : Resolving eureka endpoints via configuration
2024-04-01T15:21:39.820-03:00  INFO 17012 --- [projeta] [AsyncResolver-bootstrap-executor-0] c.n.d.s.r.aws.ConfigClusterResolver      : Resolving eureka endpoints via configuration
2024-04-01T15:26:39.821-03:00  INFO 17012 --- [projeta] [AsyncResolver-bootstrap-executor-0] c.n.d.s.r.aws.ConfigClusterResolver      : Resolving eureka endpoints via configuration
2024-04-01T15:31:39.833-03:00  INFO 17012 --- [projeta] [AsyncResolver-bootstrap-executor-0] c.n.d.s.r.aws.ConfigClusterResolver      : Resolving eureka endpoints via configuration
2024-04-01T15:36:39.837-03:00  INFO 17012 --- [projeta] [AsyncResolver-bootstrap-executor-0] c.n.d.s.r.aws.ConfigClusterResolver      : Resolving eureka endpoints via configuration
2024-04-01T15:41:39.852-03:00  INFO 17012 --- [projeta] [AsyncResolver-bootstrap-executor-0] c.n.d.s.r.aws.ConfigClusterResolver      : Resolving eureka endpoints via configuration
2024-04-01T15:46:39.862-03:00  INFO 17012 --- [projeta] [AsyncResolver-bootstrap-executor-0] c.n.d.s.r.aws.ConfigClusterResolver      : Resolving eureka endpoints via configuration
2024-04-01T15:51:39.880-03:00  INFO 17012 --- [projeta] [AsyncResolver-bootstrap-executor-0] c.n.d.s.r.aws.ConfigClusterResolver      : Resolving eureka endpoints via configuration
2024-04-01T16:18:32.466-03:00  INFO 23808 --- [projeta] [restartedMain] br.com.prototype.site.SiteApplication    : Starting SiteApplication using Java 17.0.7 with PID 23808 (C:\Users\carlos-monteiro\Documents\workspace\prototype\ms-base\MS---base\api-site\target\classes started by carlos-monteiro in C:\Users\carlos-monteiro\Documents\workspace\prototype\ms-base\MS---base)
2024-04-01T16:18:32.470-03:00  INFO 23808 --- [projeta] [restartedMain] br.com.prototype.site.SiteApplication    : No active profile set, falling back to 1 default profile: "default"
2024-04-01T16:18:32.526-03:00  INFO 23808 --- [projeta] [restartedMain] .e.DevToolsPropertyDefaultsPostProcessor : Devtools property defaults active! Set 'spring.devtools.add-properties' to 'false' to disable
2024-04-01T16:18:32.527-03:00  INFO 23808 --- [projeta] [restartedMain] .e.DevToolsPropertyDefaultsPostProcessor : For additional web related logging consider setting the 'logging.level.web' property to 'DEBUG'
2024-04-01T16:18:33.286-03:00  INFO 23808 --- [projeta] [restartedMain] o.s.cloud.context.scope.GenericScope     : BeanFactory id=e815161b-a918-367e-81e7-64e0b325b443
2024-04-01T16:18:33.335-03:00  WARN 23808 --- [projeta] [restartedMain] trationDelegate$BeanPostProcessorChecker : Bean 'org.springframework.cloud.client.loadbalancer.LoadBalancerAutoConfiguration$LoadBalancerInterceptorConfig' of type [org.springframework.cloud.client.loadbalancer.LoadBalancerAutoConfiguration$LoadBalancerInterceptorConfig] is not eligible for getting processed by all BeanPostProcessors (for example: not eligible for auto-proxying). The currently created BeanPostProcessor [lbRestClientPostProcessor] is declared through a non-static factory method on that class; consider declaring it as static instead.
2024-04-01T16:18:33.341-03:00  WARN 23808 --- [projeta] [restartedMain] trationDelegate$BeanPostProcessorChecker : Bean 'org.springframework.cloud.loadbalancer.config.BlockingLoadBalancerClientAutoConfiguration' of type [org.springframework.cloud.loadbalancer.config.BlockingLoadBalancerClientAutoConfiguration] is not eligible for getting processed by all BeanPostProcessors (for example: not eligible for auto-proxying). Is this bean getting eagerly injected into a currently created BeanPostProcessor [lbRestClientPostProcessor]? Check the corresponding BeanPostProcessor declaration and its dependencies.
2024-04-01T16:18:33.343-03:00  WARN 23808 --- [projeta] [restartedMain] trationDelegate$BeanPostProcessorChecker : Bean 'org.springframework.cloud.loadbalancer.config.LoadBalancerAutoConfiguration' of type [org.springframework.cloud.loadbalancer.config.LoadBalancerAutoConfiguration] is not eligible for getting processed by all BeanPostProcessors (for example: not eligible for auto-proxying). Is this bean getting eagerly injected into a currently created BeanPostProcessor [lbRestClientPostProcessor]? Check the corresponding BeanPostProcessor declaration and its dependencies.
2024-04-01T16:18:33.353-03:00  WARN 23808 --- [projeta] [restartedMain] trationDelegate$BeanPostProcessorChecker : Bean 'org.springframework.cloud.commons.config.CommonsConfigAutoConfiguration' of type [org.springframework.cloud.commons.config.CommonsConfigAutoConfiguration] is not eligible for getting processed by all BeanPostProcessors (for example: not eligible for auto-proxying). Is this bean getting eagerly injected into a currently created BeanPostProcessor [lbRestClientPostProcessor]? Check the corresponding BeanPostProcessor declaration and its dependencies.
2024-04-01T16:18:33.357-03:00  WARN 23808 --- [projeta] [restartedMain] trationDelegate$BeanPostProcessorChecker : Bean 'org.springframework.cloud.client.loadbalancer.LoadBalancerDefaultMappingsProviderAutoConfiguration' of type [org.springframework.cloud.client.loadbalancer.LoadBalancerDefaultMappingsProviderAutoConfiguration] is not eligible for getting processed by all BeanPostProcessors (for example: not eligible for auto-proxying). Is this bean getting eagerly injected into a currently created BeanPostProcessor [lbRestClientPostProcessor]? Check the corresponding BeanPostProcessor declaration and its dependencies.
2024-04-01T16:18:33.359-03:00  WARN 23808 --- [projeta] [restartedMain] trationDelegate$BeanPostProcessorChecker : Bean 'loadBalancerClientsDefaultsMappingsProvider' of type [org.springframework.cloud.client.loadbalancer.LoadBalancerDefaultMappingsProviderAutoConfiguration$$Lambda$468/0x000000080130ec10] is not eligible for getting processed by all BeanPostProcessors (for example: not eligible for auto-proxying). Is this bean getting eagerly injected into a currently created BeanPostProcessor [lbRestClientPostProcessor]? Check the corresponding BeanPostProcessor declaration and its dependencies.
2024-04-01T16:18:33.361-03:00  WARN 23808 --- [projeta] [restartedMain] trationDelegate$BeanPostProcessorChecker : Bean 'defaultsBindHandlerAdvisor' of type [org.springframework.cloud.commons.config.DefaultsBindHandlerAdvisor] is not eligible for getting processed by all BeanPostProcessors (for example: not eligible for auto-proxying). Is this bean getting eagerly injected into a currently created BeanPostProcessor [lbRestClientPostProcessor]? Check the corresponding BeanPostProcessor declaration and its dependencies.
2024-04-01T16:18:33.373-03:00  WARN 23808 --- [projeta] [restartedMain] trationDelegate$BeanPostProcessorChecker : Bean 'spring.cloud.loadbalancer-org.springframework.cloud.client.loadbalancer.LoadBalancerClientsProperties' of type [org.springframework.cloud.client.loadbalancer.LoadBalancerClientsProperties] is not eligible for getting processed by all BeanPostProcessors (for example: not eligible for auto-proxying). Is this bean getting eagerly injected into a currently created BeanPostProcessor [lbRestClientPostProcessor]? Check the corresponding BeanPostProcessor declaration and its dependencies.
2024-04-01T16:18:33.385-03:00  WARN 23808 --- [projeta] [restartedMain] trationDelegate$BeanPostProcessorChecker : Bean 'default.org.springframework.cloud.loadbalancer.config.LoadBalancerAutoConfiguration.LoadBalancerClientSpecification' of type [org.springframework.cloud.loadbalancer.annotation.LoadBalancerClientSpecification] is not eligible for getting processed by all BeanPostProcessors (for example: not eligible for auto-proxying). Is this bean getting eagerly injected into a currently created BeanPostProcessor [lbRestClientPostProcessor]? Check the corresponding BeanPostProcessor declaration and its dependencies.
2024-04-01T16:18:33.387-03:00  WARN 23808 --- [projeta] [restartedMain] trationDelegate$BeanPostProcessorChecker : Bean 'default.org.springframework.cloud.loadbalancer.config.BlockingLoadBalancerClientAutoConfiguration.LoadBalancerClientSpecification' of type [org.springframework.cloud.loadbalancer.annotation.LoadBalancerClientSpecification] is not eligible for getting processed by all BeanPostProcessors (for example: not eligible for auto-proxying). Is this bean getting eagerly injected into a currently created BeanPostProcessor [lbRestClientPostProcessor]? Check the corresponding BeanPostProcessor declaration and its dependencies.
2024-04-01T16:18:33.389-03:00  WARN 23808 --- [projeta] [restartedMain] trationDelegate$BeanPostProcessorChecker : Bean 'default.org.springframework.cloud.netflix.eureka.loadbalancer.LoadBalancerEurekaAutoConfiguration.LoadBalancerClientSpecification' of type [org.springframework.cloud.loadbalancer.annotation.LoadBalancerClientSpecification] is not eligible for getting processed by all BeanPostProcessors (for example: not eligible for auto-proxying). Is this bean getting eagerly injected into a currently created BeanPostProcessor [lbRestClientPostProcessor]? Check the corresponding BeanPostProcessor declaration and its dependencies.
2024-04-01T16:18:33.391-03:00  WARN 23808 --- [projeta] [restartedMain] trationDelegate$BeanPostProcessorChecker : Bean 'loadBalancerClientFactory' of type [org.springframework.cloud.loadbalancer.support.LoadBalancerClientFactory] is not eligible for getting processed by all BeanPostProcessors (for example: not eligible for auto-proxying). Is this bean getting eagerly injected into a currently created BeanPostProcessor [lbRestClientPostProcessor]? Check the corresponding BeanPostProcessor declaration and its dependencies.
2024-04-01T16:18:33.396-03:00  WARN 23808 --- [projeta] [restartedMain] trationDelegate$BeanPostProcessorChecker : Bean 'blockingLoadBalancerClient' of type [org.springframework.cloud.loadbalancer.blocking.client.BlockingLoadBalancerClient] is not eligible for getting processed by all BeanPostProcessors (for example: not eligible for auto-proxying). Is this bean getting eagerly injected into a currently created BeanPostProcessor [lbRestClientPostProcessor]? Check the corresponding BeanPostProcessor declaration and its dependencies.
2024-04-01T16:18:33.406-03:00  WARN 23808 --- [projeta] [restartedMain] trationDelegate$BeanPostProcessorChecker : Bean 'loadBalancerServiceInstanceCookieTransformer' of type [org.springframework.cloud.loadbalancer.core.LoadBalancerServiceInstanceCookieTransformer] is not eligible for getting processed by all BeanPostProcessors (for example: not eligible for auto-proxying). Is this bean getting eagerly injected into a currently created BeanPostProcessor [lbRestClientPostProcessor]? Check the corresponding BeanPostProcessor declaration and its dependencies.
2024-04-01T16:18:33.408-03:00  WARN 23808 --- [projeta] [restartedMain] trationDelegate$BeanPostProcessorChecker : Bean 'xForwarderHeadersTransformer' of type [org.springframework.cloud.loadbalancer.blocking.XForwardedHeadersTransformer] is not eligible for getting processed by all BeanPostProcessors (for example: not eligible for auto-proxying). Is this bean getting eagerly injected into a currently created BeanPostProcessor [lbRestClientPostProcessor]? Check the corresponding BeanPostProcessor declaration and its dependencies.
2024-04-01T16:18:33.410-03:00  WARN 23808 --- [projeta] [restartedMain] trationDelegate$BeanPostProcessorChecker : Bean 'org.springframework.cloud.client.loadbalancer.LoadBalancerAutoConfiguration' of type [org.springframework.cloud.client.loadbalancer.LoadBalancerAutoConfiguration] is not eligible for getting processed by all BeanPostProcessors (for example: not eligible for auto-proxying). Is this bean getting eagerly injected into a currently created BeanPostProcessor [lbRestClientPostProcessor]? Check the corresponding BeanPostProcessor declaration and its dependencies.
2024-04-01T16:18:33.412-03:00  WARN 23808 --- [projeta] [restartedMain] trationDelegate$BeanPostProcessorChecker : Bean 'loadBalancerRequestFactory' of type [org.springframework.cloud.client.loadbalancer.LoadBalancerRequestFactory] is not eligible for getting processed by all BeanPostProcessors (for example: not eligible for auto-proxying). Is this bean getting eagerly injected into a currently created BeanPostProcessor [lbRestClientPostProcessor]? Check the corresponding BeanPostProcessor declaration and its dependencies.
2024-04-01T16:18:33.413-03:00  WARN 23808 --- [projeta] [restartedMain] trationDelegate$BeanPostProcessorChecker : Bean 'loadBalancerInterceptor' of type [org.springframework.cloud.client.loadbalancer.LoadBalancerInterceptor] is not eligible for getting processed by all BeanPostProcessors (for example: not eligible for auto-proxying). Is this bean getting eagerly injected into a currently created BeanPostProcessor [lbRestClientPostProcessor]? Check the corresponding BeanPostProcessor declaration and its dependencies.
2024-04-01T16:18:33.813-03:00  INFO 23808 --- [projeta] [restartedMain] o.s.b.w.embedded.tomcat.TomcatWebServer  : Tomcat initialized with port 3001 (http)
2024-04-01T16:18:33.828-03:00  INFO 23808 --- [projeta] [restartedMain] o.apache.catalina.core.StandardService   : Starting service [Tomcat]
2024-04-01T16:18:33.829-03:00  INFO 23808 --- [projeta] [restartedMain] o.apache.catalina.core.StandardEngine    : Starting Servlet engine: [Apache Tomcat/10.1.19]
2024-04-01T16:18:33.888-03:00  INFO 23808 --- [projeta] [restartedMain] o.a.c.c.C.[.[localhost].[/projeta]       : Initializing Spring embedded WebApplicationContext
2024-04-01T16:18:33.889-03:00  INFO 23808 --- [projeta] [restartedMain] w.s.c.ServletWebServerApplicationContext : Root WebApplicationContext: initialization completed in 1362 ms
2024-04-01T16:18:33.992-03:00  INFO 23808 --- [projeta] [restartedMain] o.s.b.a.w.s.WelcomePageHandlerMapping    : Adding welcome page template: index
2024-04-01T16:18:34.372-03:00  WARN 23808 --- [projeta] [restartedMain] o.s.b.d.a.OptionalLiveReloadServer       : Unable to start LiveReload server
2024-04-01T16:18:34.479-03:00  INFO 23808 --- [projeta] [restartedMain] DiscoveryClientOptionalArgsConfiguration : Eureka HTTP Client uses RestTemplate.
2024-04-01T16:18:34.583-03:00  WARN 23808 --- [projeta] [restartedMain] iguration$LoadBalancerCaffeineWarnLogger : Spring Cloud LoadBalancer is currently working with the default cache. While this cache implementation is useful for development and tests, it's recommended to use Caffeine cache in production.You can switch to using Caffeine cache, by adding it and org.springframework.cache.caffeine.CaffeineCacheManager to the classpath.
2024-04-01T16:18:34.607-03:00  INFO 23808 --- [projeta] [restartedMain] o.s.c.n.eureka.InstanceInfoFactory       : Setting initial instance status as: STARTING
2024-04-01T16:18:34.691-03:00  INFO 23808 --- [projeta] [restartedMain] com.netflix.discovery.DiscoveryClient    : Initializing Eureka in region us-east-1
2024-04-01T16:18:34.697-03:00  INFO 23808 --- [projeta] [restartedMain] c.n.d.s.r.aws.ConfigClusterResolver      : Resolving eureka endpoints via configuration
2024-04-01T16:18:34.719-03:00  INFO 23808 --- [projeta] [restartedMain] com.netflix.discovery.DiscoveryClient    : Disable delta property : false
2024-04-01T16:18:34.719-03:00  INFO 23808 --- [projeta] [restartedMain] com.netflix.discovery.DiscoveryClient    : Single vip registry refresh property : null
2024-04-01T16:18:34.719-03:00  INFO 23808 --- [projeta] [restartedMain] com.netflix.discovery.DiscoveryClient    : Force full registry fetch : false
2024-04-01T16:18:34.720-03:00  INFO 23808 --- [projeta] [restartedMain] com.netflix.discovery.DiscoveryClient    : Application is null : false
2024-04-01T16:18:34.720-03:00  INFO 23808 --- [projeta] [restartedMain] com.netflix.discovery.DiscoveryClient    : Registered Applications size is zero : true
2024-04-01T16:18:34.720-03:00  INFO 23808 --- [projeta] [restartedMain] com.netflix.discovery.DiscoveryClient    : Application version is -1: true
2024-04-01T16:18:34.720-03:00  INFO 23808 --- [projeta] [restartedMain] com.netflix.discovery.DiscoveryClient    : Getting all instance registry info from the eureka server
2024-04-01T16:18:35.081-03:00  INFO 23808 --- [projeta] [restartedMain] com.netflix.discovery.DiscoveryClient    : The response status is 200
2024-04-01T16:18:35.083-03:00  INFO 23808 --- [projeta] [restartedMain] com.netflix.discovery.DiscoveryClient    : Starting heartbeat executor: renew interval is: 30
2024-04-01T16:18:35.085-03:00  INFO 23808 --- [projeta] [restartedMain] c.n.discovery.InstanceInfoReplicator     : InstanceInfoReplicator onDemand update allowed rate per min is 4
2024-04-01T16:18:35.089-03:00  INFO 23808 --- [projeta] [restartedMain] com.netflix.discovery.DiscoveryClient    : Discovery Client initialized at timestamp 1711999115089 with initial instances count: 3
2024-04-01T16:18:35.092-03:00  INFO 23808 --- [projeta] [restartedMain] o.s.c.n.e.s.EurekaServiceRegistry        : Registering application PROJETA with eureka with status UP
2024-04-01T16:18:35.092-03:00  INFO 23808 --- [projeta] [restartedMain] com.netflix.discovery.DiscoveryClient    : Saw local status change event StatusChangeEvent [timestamp=1711999115092, current=UP, previous=STARTING]
2024-04-01T16:18:35.094-03:00  INFO 23808 --- [projeta] [DiscoveryClient-InstanceInfoReplicator-0] com.netflix.discovery.DiscoveryClient    : DiscoveryClient_PROJETA/NITRO-CAR-WIN:projeta:3001: registering service...
2024-04-01T16:18:35.111-03:00  INFO 23808 --- [projeta] [restartedMain] o.s.b.w.embedded.tomcat.TomcatWebServer  : Tomcat started on port 3001 (http) with context path '/projeta'
2024-04-01T16:18:35.112-03:00  INFO 23808 --- [projeta] [restartedMain] .s.c.n.e.s.EurekaAutoServiceRegistration : Updating port to 3001
2024-04-01T16:18:35.189-03:00  INFO 23808 --- [projeta] [DiscoveryClient-InstanceInfoReplicator-0] com.netflix.discovery.DiscoveryClient    : DiscoveryClient_PROJETA/NITRO-CAR-WIN:projeta:3001 - registration status: 204
2024-04-01T16:18:35.197-03:00  INFO 23808 --- [projeta] [restartedMain] br.com.prototype.site.SiteApplication    : Started SiteApplication in 3.208 seconds (process running for 3.571)
2024-04-01T16:23:34.723-03:00  INFO 23808 --- [projeta] [AsyncResolver-bootstrap-executor-0] c.n.d.s.r.aws.ConfigClusterResolver      : Resolving eureka endpoints via configuration
2024-04-01T16:28:34.734-03:00  INFO 23808 --- [projeta] [AsyncResolver-bootstrap-executor-0] c.n.d.s.r.aws.ConfigClusterResolver      : Resolving eureka endpoints via configuration
2024-04-01T16:34:33.421-03:00  INFO 20324 --- [projeta] [restartedMain] br.com.prototype.site.SiteApplication    : Starting SiteApplication using Java 17.0.7 with PID 20324 (C:\Users\carlos-monteiro\Documents\workspace\prototype\ms-base\MS---base\api-site\target\classes started by carlos-monteiro in C:\Users\carlos-monteiro\Documents\workspace\prototype\ms-base\MS---base)
2024-04-01T16:34:33.423-03:00  INFO 20324 --- [projeta] [restartedMain] br.com.prototype.site.SiteApplication    : No active profile set, falling back to 1 default profile: "default"
2024-04-01T16:34:33.477-03:00  INFO 20324 --- [projeta] [restartedMain] .e.DevToolsPropertyDefaultsPostProcessor : Devtools property defaults active! Set 'spring.devtools.add-properties' to 'false' to disable
2024-04-01T16:34:33.478-03:00  INFO 20324 --- [projeta] [restartedMain] .e.DevToolsPropertyDefaultsPostProcessor : For additional web related logging consider setting the 'logging.level.web' property to 'DEBUG'
2024-04-01T16:34:34.242-03:00  INFO 20324 --- [projeta] [restartedMain] o.s.cloud.context.scope.GenericScope     : BeanFactory id=e815161b-a918-367e-81e7-64e0b325b443
2024-04-01T16:34:34.284-03:00  WARN 20324 --- [projeta] [restartedMain] trationDelegate$BeanPostProcessorChecker : Bean 'org.springframework.cloud.client.loadbalancer.LoadBalancerAutoConfiguration$LoadBalancerInterceptorConfig' of type [org.springframework.cloud.client.loadbalancer.LoadBalancerAutoConfiguration$LoadBalancerInterceptorConfig] is not eligible for getting processed by all BeanPostProcessors (for example: not eligible for auto-proxying). The currently created BeanPostProcessor [lbRestClientPostProcessor] is declared through a non-static factory method on that class; consider declaring it as static instead.
2024-04-01T16:34:34.290-03:00  WARN 20324 --- [projeta] [restartedMain] trationDelegate$BeanPostProcessorChecker : Bean 'org.springframework.cloud.loadbalancer.config.BlockingLoadBalancerClientAutoConfiguration' of type [org.springframework.cloud.loadbalancer.config.BlockingLoadBalancerClientAutoConfiguration] is not eligible for getting processed by all BeanPostProcessors (for example: not eligible for auto-proxying). Is this bean getting eagerly injected into a currently created BeanPostProcessor [lbRestClientPostProcessor]? Check the corresponding BeanPostProcessor declaration and its dependencies.
2024-04-01T16:34:34.292-03:00  WARN 20324 --- [projeta] [restartedMain] trationDelegate$BeanPostProcessorChecker : Bean 'org.springframework.cloud.loadbalancer.config.LoadBalancerAutoConfiguration' of type [org.springframework.cloud.loadbalancer.config.LoadBalancerAutoConfiguration] is not eligible for getting processed by all BeanPostProcessors (for example: not eligible for auto-proxying). Is this bean getting eagerly injected into a currently created BeanPostProcessor [lbRestClientPostProcessor]? Check the corresponding BeanPostProcessor declaration and its dependencies.
2024-04-01T16:34:34.301-03:00  WARN 20324 --- [projeta] [restartedMain] trationDelegate$BeanPostProcessorChecker : Bean 'org.springframework.cloud.commons.config.CommonsConfigAutoConfiguration' of type [org.springframework.cloud.commons.config.CommonsConfigAutoConfiguration] is not eligible for getting processed by all BeanPostProcessors (for example: not eligible for auto-proxying). Is this bean getting eagerly injected into a currently created BeanPostProcessor [lbRestClientPostProcessor]? Check the corresponding BeanPostProcessor declaration and its dependencies.
2024-04-01T16:34:34.304-03:00  WARN 20324 --- [projeta] [restartedMain] trationDelegate$BeanPostProcessorChecker : Bean 'org.springframework.cloud.client.loadbalancer.LoadBalancerDefaultMappingsProviderAutoConfiguration' of type [org.springframework.cloud.client.loadbalancer.LoadBalancerDefaultMappingsProviderAutoConfiguration] is not eligible for getting processed by all BeanPostProcessors (for example: not eligible for auto-proxying). Is this bean getting eagerly injected into a currently created BeanPostProcessor [lbRestClientPostProcessor]? Check the corresponding BeanPostProcessor declaration and its dependencies.
2024-04-01T16:34:34.306-03:00  WARN 20324 --- [projeta] [restartedMain] trationDelegate$BeanPostProcessorChecker : Bean 'loadBalancerClientsDefaultsMappingsProvider' of type [org.springframework.cloud.client.loadbalancer.LoadBalancerDefaultMappingsProviderAutoConfiguration$$Lambda$468/0x0000000801309000] is not eligible for getting processed by all BeanPostProcessors (for example: not eligible for auto-proxying). Is this bean getting eagerly injected into a currently created BeanPostProcessor [lbRestClientPostProcessor]? Check the corresponding BeanPostProcessor declaration and its dependencies.
2024-04-01T16:34:34.308-03:00  WARN 20324 --- [projeta] [restartedMain] trationDelegate$BeanPostProcessorChecker : Bean 'defaultsBindHandlerAdvisor' of type [org.springframework.cloud.commons.config.DefaultsBindHandlerAdvisor] is not eligible for getting processed by all BeanPostProcessors (for example: not eligible for auto-proxying). Is this bean getting eagerly injected into a currently created BeanPostProcessor [lbRestClientPostProcessor]? Check the corresponding BeanPostProcessor declaration and its dependencies.
2024-04-01T16:34:34.317-03:00  WARN 20324 --- [projeta] [restartedMain] trationDelegate$BeanPostProcessorChecker : Bean 'spring.cloud.loadbalancer-org.springframework.cloud.client.loadbalancer.LoadBalancerClientsProperties' of type [org.springframework.cloud.client.loadbalancer.LoadBalancerClientsProperties] is not eligible for getting processed by all BeanPostProcessors (for example: not eligible for auto-proxying). Is this bean getting eagerly injected into a currently created BeanPostProcessor [lbRestClientPostProcessor]? Check the corresponding BeanPostProcessor declaration and its dependencies.
2024-04-01T16:34:34.328-03:00  WARN 20324 --- [projeta] [restartedMain] trationDelegate$BeanPostProcessorChecker : Bean 'default.org.springframework.cloud.loadbalancer.config.LoadBalancerAutoConfiguration.LoadBalancerClientSpecification' of type [org.springframework.cloud.loadbalancer.annotation.LoadBalancerClientSpecification] is not eligible for getting processed by all BeanPostProcessors (for example: not eligible for auto-proxying). Is this bean getting eagerly injected into a currently created BeanPostProcessor [lbRestClientPostProcessor]? Check the corresponding BeanPostProcessor declaration and its dependencies.
2024-04-01T16:34:34.330-03:00  WARN 20324 --- [projeta] [restartedMain] trationDelegate$BeanPostProcessorChecker : Bean 'default.org.springframework.cloud.loadbalancer.config.BlockingLoadBalancerClientAutoConfiguration.LoadBalancerClientSpecification' of type [org.springframework.cloud.loadbalancer.annotation.LoadBalancerClientSpecification] is not eligible for getting processed by all BeanPostProcessors (for example: not eligible for auto-proxying). Is this bean getting eagerly injected into a currently created BeanPostProcessor [lbRestClientPostProcessor]? Check the corresponding BeanPostProcessor declaration and its dependencies.
2024-04-01T16:34:34.332-03:00  WARN 20324 --- [projeta] [restartedMain] trationDelegate$BeanPostProcessorChecker : Bean 'default.org.springframework.cloud.netflix.eureka.loadbalancer.LoadBalancerEurekaAutoConfiguration.LoadBalancerClientSpecification' of type [org.springframework.cloud.loadbalancer.annotation.LoadBalancerClientSpecification] is not eligible for getting processed by all BeanPostProcessors (for example: not eligible for auto-proxying). Is this bean getting eagerly injected into a currently created BeanPostProcessor [lbRestClientPostProcessor]? Check the corresponding BeanPostProcessor declaration and its dependencies.
2024-04-01T16:34:34.335-03:00  WARN 20324 --- [projeta] [restartedMain] trationDelegate$BeanPostProcessorChecker : Bean 'loadBalancerClientFactory' of type [org.springframework.cloud.loadbalancer.support.LoadBalancerClientFactory] is not eligible for getting processed by all BeanPostProcessors (for example: not eligible for auto-proxying). Is this bean getting eagerly injected into a currently created BeanPostProcessor [lbRestClientPostProcessor]? Check the corresponding BeanPostProcessor declaration and its dependencies.
2024-04-01T16:34:34.338-03:00  WARN 20324 --- [projeta] [restartedMain] trationDelegate$BeanPostProcessorChecker : Bean 'blockingLoadBalancerClient' of type [org.springframework.cloud.loadbalancer.blocking.client.BlockingLoadBalancerClient] is not eligible for getting processed by all BeanPostProcessors (for example: not eligible for auto-proxying). Is this bean getting eagerly injected into a currently created BeanPostProcessor [lbRestClientPostProcessor]? Check the corresponding BeanPostProcessor declaration and its dependencies.
2024-04-01T16:34:34.346-03:00  WARN 20324 --- [projeta] [restartedMain] trationDelegate$BeanPostProcessorChecker : Bean 'loadBalancerServiceInstanceCookieTransformer' of type [org.springframework.cloud.loadbalancer.core.LoadBalancerServiceInstanceCookieTransformer] is not eligible for getting processed by all BeanPostProcessors (for example: not eligible for auto-proxying). Is this bean getting eagerly injected into a currently created BeanPostProcessor [lbRestClientPostProcessor]? Check the corresponding BeanPostProcessor declaration and its dependencies.
2024-04-01T16:34:34.348-03:00  WARN 20324 --- [projeta] [restartedMain] trationDelegate$BeanPostProcessorChecker : Bean 'xForwarderHeadersTransformer' of type [org.springframework.cloud.loadbalancer.blocking.XForwardedHeadersTransformer] is not eligible for getting processed by all BeanPostProcessors (for example: not eligible for auto-proxying). Is this bean getting eagerly injected into a currently created BeanPostProcessor [lbRestClientPostProcessor]? Check the corresponding BeanPostProcessor declaration and its dependencies.
2024-04-01T16:34:34.348-03:00  WARN 20324 --- [projeta] [restartedMain] trationDelegate$BeanPostProcessorChecker : Bean 'org.springframework.cloud.client.loadbalancer.LoadBalancerAutoConfiguration' of type [org.springframework.cloud.client.loadbalancer.LoadBalancerAutoConfiguration] is not eligible for getting processed by all BeanPostProcessors (for example: not eligible for auto-proxying). Is this bean getting eagerly injected into a currently created BeanPostProcessor [lbRestClientPostProcessor]? Check the corresponding BeanPostProcessor declaration and its dependencies.
2024-04-01T16:34:34.350-03:00  WARN 20324 --- [projeta] [restartedMain] trationDelegate$BeanPostProcessorChecker : Bean 'loadBalancerRequestFactory' of type [org.springframework.cloud.client.loadbalancer.LoadBalancerRequestFactory] is not eligible for getting processed by all BeanPostProcessors (for example: not eligible for auto-proxying). Is this bean getting eagerly injected into a currently created BeanPostProcessor [lbRestClientPostProcessor]? Check the corresponding BeanPostProcessor declaration and its dependencies.
2024-04-01T16:34:34.351-03:00  WARN 20324 --- [projeta] [restartedMain] trationDelegate$BeanPostProcessorChecker : Bean 'loadBalancerInterceptor' of type [org.springframework.cloud.client.loadbalancer.LoadBalancerInterceptor] is not eligible for getting processed by all BeanPostProcessors (for example: not eligible for auto-proxying). Is this bean getting eagerly injected into a currently created BeanPostProcessor [lbRestClientPostProcessor]? Check the corresponding BeanPostProcessor declaration and its dependencies.
2024-04-01T16:34:34.783-03:00  INFO 20324 --- [projeta] [restartedMain] o.s.b.w.embedded.tomcat.TomcatWebServer  : Tomcat initialized with port 3001 (http)
2024-04-01T16:34:34.794-03:00  INFO 20324 --- [projeta] [restartedMain] o.apache.catalina.core.StandardService   : Starting service [Tomcat]
2024-04-01T16:34:34.795-03:00  INFO 20324 --- [projeta] [restartedMain] o.apache.catalina.core.StandardEngine    : Starting Servlet engine: [Apache Tomcat/10.1.19]
2024-04-01T16:34:34.846-03:00  INFO 20324 --- [projeta] [restartedMain] o.a.c.c.C.[.[localhost].[/projeta]       : Initializing Spring embedded WebApplicationContext
2024-04-01T16:34:34.847-03:00  INFO 20324 --- [projeta] [restartedMain] w.s.c.ServletWebServerApplicationContext : Root WebApplicationContext: initialization completed in 1369 ms
2024-04-01T16:34:34.956-03:00  INFO 20324 --- [projeta] [restartedMain] o.s.b.a.w.s.WelcomePageHandlerMapping    : Adding welcome page template: index
2024-04-01T16:34:35.378-03:00  WARN 20324 --- [projeta] [restartedMain] o.s.b.d.a.OptionalLiveReloadServer       : Unable to start LiveReload server
2024-04-01T16:34:35.495-03:00  INFO 20324 --- [projeta] [restartedMain] DiscoveryClientOptionalArgsConfiguration : Eureka HTTP Client uses RestTemplate.
2024-04-01T16:34:35.595-03:00  WARN 20324 --- [projeta] [restartedMain] iguration$LoadBalancerCaffeineWarnLogger : Spring Cloud LoadBalancer is currently working with the default cache. While this cache implementation is useful for development and tests, it's recommended to use Caffeine cache in production.You can switch to using Caffeine cache, by adding it and org.springframework.cache.caffeine.CaffeineCacheManager to the classpath.
2024-04-01T16:34:35.617-03:00  INFO 20324 --- [projeta] [restartedMain] o.s.c.n.eureka.InstanceInfoFactory       : Setting initial instance status as: STARTING
2024-04-01T16:34:35.709-03:00  INFO 20324 --- [projeta] [restartedMain] com.netflix.discovery.DiscoveryClient    : Initializing Eureka in region us-east-1
2024-04-01T16:34:35.715-03:00  INFO 20324 --- [projeta] [restartedMain] c.n.d.s.r.aws.ConfigClusterResolver      : Resolving eureka endpoints via configuration
2024-04-01T16:34:35.736-03:00  INFO 20324 --- [projeta] [restartedMain] com.netflix.discovery.DiscoveryClient    : Disable delta property : false
2024-04-01T16:34:35.737-03:00  INFO 20324 --- [projeta] [restartedMain] com.netflix.discovery.DiscoveryClient    : Single vip registry refresh property : null
2024-04-01T16:34:35.737-03:00  INFO 20324 --- [projeta] [restartedMain] com.netflix.discovery.DiscoveryClient    : Force full registry fetch : false
2024-04-01T16:34:35.737-03:00  INFO 20324 --- [projeta] [restartedMain] com.netflix.discovery.DiscoveryClient    : Application is null : false
2024-04-01T16:34:35.738-03:00  INFO 20324 --- [projeta] [restartedMain] com.netflix.discovery.DiscoveryClient    : Registered Applications size is zero : true
2024-04-01T16:34:35.738-03:00  INFO 20324 --- [projeta] [restartedMain] com.netflix.discovery.DiscoveryClient    : Application version is -1: true
2024-04-01T16:34:35.738-03:00  INFO 20324 --- [projeta] [restartedMain] com.netflix.discovery.DiscoveryClient    : Getting all instance registry info from the eureka server
2024-04-01T16:34:36.103-03:00  INFO 20324 --- [projeta] [restartedMain] com.netflix.discovery.DiscoveryClient    : The response status is 200
2024-04-01T16:34:36.105-03:00  INFO 20324 --- [projeta] [restartedMain] com.netflix.discovery.DiscoveryClient    : Starting heartbeat executor: renew interval is: 30
2024-04-01T16:34:36.107-03:00  INFO 20324 --- [projeta] [restartedMain] c.n.discovery.InstanceInfoReplicator     : InstanceInfoReplicator onDemand update allowed rate per min is 4
2024-04-01T16:34:36.112-03:00  INFO 20324 --- [projeta] [restartedMain] com.netflix.discovery.DiscoveryClient    : Discovery Client initialized at timestamp 1712000076111 with initial instances count: 2
2024-04-01T16:34:36.114-03:00  INFO 20324 --- [projeta] [restartedMain] o.s.c.n.e.s.EurekaServiceRegistry        : Registering application PROJETA with eureka with status UP
2024-04-01T16:34:36.115-03:00  INFO 20324 --- [projeta] [restartedMain] com.netflix.discovery.DiscoveryClient    : Saw local status change event StatusChangeEvent [timestamp=1712000076115, current=UP, previous=STARTING]
2024-04-01T16:34:36.117-03:00  INFO 20324 --- [projeta] [DiscoveryClient-InstanceInfoReplicator-0] com.netflix.discovery.DiscoveryClient    : DiscoveryClient_PROJETA/NITRO-CAR-WIN:projeta:3001: registering service...
2024-04-01T16:34:36.139-03:00  INFO 20324 --- [projeta] [restartedMain] o.s.b.w.embedded.tomcat.TomcatWebServer  : Tomcat started on port 3001 (http) with context path '/projeta'
2024-04-01T16:34:36.141-03:00  INFO 20324 --- [projeta] [restartedMain] .s.c.n.e.s.EurekaAutoServiceRegistration : Updating port to 3001
2024-04-01T16:34:36.218-03:00  INFO 20324 --- [projeta] [DiscoveryClient-InstanceInfoReplicator-0] com.netflix.discovery.DiscoveryClient    : DiscoveryClient_PROJETA/NITRO-CAR-WIN:projeta:3001 - registration status: 204
2024-04-01T16:34:36.221-03:00  INFO 20324 --- [projeta] [restartedMain] br.com.prototype.site.SiteApplication    : Started SiteApplication in 3.298 seconds (process running for 3.694)
2024-04-01T16:36:59.409-03:00  INFO 20324 --- [projeta] [http-nio-3001-exec-1] o.a.c.c.C.[.[localhost].[/projeta]       : Initializing Spring DispatcherServlet 'dispatcherServlet'
2024-04-01T16:36:59.410-03:00  INFO 20324 --- [projeta] [http-nio-3001-exec-1] o.s.web.servlet.DispatcherServlet        : Initializing Servlet 'dispatcherServlet'
2024-04-01T16:36:59.411-03:00  INFO 20324 --- [projeta] [http-nio-3001-exec-1] o.s.web.servlet.DispatcherServlet        : Completed initialization in 1 ms
2024-04-01T16:39:35.747-03:00  INFO 20324 --- [projeta] [AsyncResolver-bootstrap-executor-0] c.n.d.s.r.aws.ConfigClusterResolver      : Resolving eureka endpoints via configuration
2024-04-01T16:44:35.757-03:00  INFO 20324 --- [projeta] [AsyncResolver-bootstrap-executor-0] c.n.d.s.r.aws.ConfigClusterResolver      : Resolving eureka endpoints via configuration
2024-04-01T16:49:35.766-03:00  INFO 20324 --- [projeta] [AsyncResolver-bootstrap-executor-0] c.n.d.s.r.aws.ConfigClusterResolver      : Resolving eureka endpoints via configuration
2024-04-01T16:54:35.778-03:00  INFO 20324 --- [projeta] [AsyncResolver-bootstrap-executor-0] c.n.d.s.r.aws.ConfigClusterResolver      : Resolving eureka endpoints via configuration
2024-04-01T16:59:35.781-03:00  INFO 20324 --- [projeta] [AsyncResolver-bootstrap-executor-0] c.n.d.s.r.aws.ConfigClusterResolver      : Resolving eureka endpoints via configuration
2024-04-01T17:04:35.795-03:00  INFO 20324 --- [projeta] [AsyncResolver-bootstrap-executor-0] c.n.d.s.r.aws.ConfigClusterResolver      : Resolving eureka endpoints via configuration
2024-04-01T17:09:35.806-03:00  INFO 20324 --- [projeta] [AsyncResolver-bootstrap-executor-0] c.n.d.s.r.aws.ConfigClusterResolver      : Resolving eureka endpoints via configuration
2024-04-01T17:14:35.819-03:00  INFO 20324 --- [projeta] [AsyncResolver-bootstrap-executor-0] c.n.d.s.r.aws.ConfigClusterResolver      : Resolving eureka endpoints via configuration
2024-04-01T17:19:35.834-03:00  INFO 20324 --- [projeta] [AsyncResolver-bootstrap-executor-0] c.n.d.s.r.aws.ConfigClusterResolver      : Resolving eureka endpoints via configuration
2024-04-01T17:24:35.838-03:00  INFO 20324 --- [projeta] [AsyncResolver-bootstrap-executor-0] c.n.d.s.r.aws.ConfigClusterResolver      : Resolving eureka endpoints via configuration
2024-04-01T17:29:35.845-03:00  INFO 20324 --- [projeta] [AsyncResolver-bootstrap-executor-0] c.n.d.s.r.aws.ConfigClusterResolver      : Resolving eureka endpoints via configuration
2024-04-01T17:34:35.850-03:00  INFO 20324 --- [projeta] [AsyncResolver-bootstrap-executor-0] c.n.d.s.r.aws.ConfigClusterResolver      : Resolving eureka endpoints via configuration
2024-04-01T17:39:35.853-03:00  INFO 20324 --- [projeta] [AsyncResolver-bootstrap-executor-0] c.n.d.s.r.aws.ConfigClusterResolver      : Resolving eureka endpoints via configuration
2024-04-01T17:44:35.863-03:00  INFO 20324 --- [projeta] [AsyncResolver-bootstrap-executor-0] c.n.d.s.r.aws.ConfigClusterResolver      : Resolving eureka endpoints via configuration
2024-04-01T17:49:35.873-03:00  INFO 20324 --- [projeta] [AsyncResolver-bootstrap-executor-0] c.n.d.s.r.aws.ConfigClusterResolver      : Resolving eureka endpoints via configuration
2024-04-01T17:54:35.875-03:00  INFO 20324 --- [projeta] [AsyncResolver-bootstrap-executor-0] c.n.d.s.r.aws.ConfigClusterResolver      : Resolving eureka endpoints via configuration
2024-04-01T17:59:35.891-03:00  INFO 20324 --- [projeta] [AsyncResolver-bootstrap-executor-0] c.n.d.s.r.aws.ConfigClusterResolver      : Resolving eureka endpoints via configuration
2024-04-01T18:04:35.895-03:00  INFO 20324 --- [projeta] [AsyncResolver-bootstrap-executor-0] c.n.d.s.r.aws.ConfigClusterResolver      : Resolving eureka endpoints via configuration
2024-04-01T18:09:35.907-03:00  INFO 20324 --- [projeta] [AsyncResolver-bootstrap-executor-0] c.n.d.s.r.aws.ConfigClusterResolver      : Resolving eureka endpoints via configuration
2024-04-01T18:14:35.912-03:00  INFO 20324 --- [projeta] [AsyncResolver-bootstrap-executor-0] c.n.d.s.r.aws.ConfigClusterResolver      : Resolving eureka endpoints via configuration
2024-04-01T18:19:35.925-03:00  INFO 20324 --- [projeta] [AsyncResolver-bootstrap-executor-0] c.n.d.s.r.aws.ConfigClusterResolver      : Resolving eureka endpoints via configuration
2024-04-01T18:24:35.942-03:00  INFO 20324 --- [projeta] [AsyncResolver-bootstrap-executor-0] c.n.d.s.r.aws.ConfigClusterResolver      : Resolving eureka endpoints via configuration
2024-04-01T18:29:35.948-03:00  INFO 20324 --- [projeta] [AsyncResolver-bootstrap-executor-0] c.n.d.s.r.aws.ConfigClusterResolver      : Resolving eureka endpoints via configuration
2024-04-01T18:34:35.962-03:00  INFO 20324 --- [projeta] [AsyncResolver-bootstrap-executor-0] c.n.d.s.r.aws.ConfigClusterResolver      : Resolving eureka endpoints via configuration
2024-04-01T18:39:35.964-03:00  INFO 20324 --- [projeta] [AsyncResolver-bootstrap-executor-0] c.n.d.s.r.aws.ConfigClusterResolver      : Resolving eureka endpoints via configuration
2024-04-01T18:44:35.977-03:00  INFO 20324 --- [projeta] [AsyncResolver-bootstrap-executor-0] c.n.d.s.r.aws.ConfigClusterResolver      : Resolving eureka endpoints via configuration
2024-04-01T18:49:35.978-03:00  INFO 20324 --- [projeta] [AsyncResolver-bootstrap-executor-0] c.n.d.s.r.aws.ConfigClusterResolver      : Resolving eureka endpoints via configuration
2024-04-01T18:54:35.988-03:00  INFO 20324 --- [projeta] [AsyncResolver-bootstrap-executor-0] c.n.d.s.r.aws.ConfigClusterResolver      : Resolving eureka endpoints via configuration
2024-04-01T18:59:36.002-03:00  INFO 20324 --- [projeta] [AsyncResolver-bootstrap-executor-0] c.n.d.s.r.aws.ConfigClusterResolver      : Resolving eureka endpoints via configuration
2024-04-01T19:04:36.010-03:00  INFO 20324 --- [projeta] [AsyncResolver-bootstrap-executor-0] c.n.d.s.r.aws.ConfigClusterResolver      : Resolving eureka endpoints via configuration
2024-04-01T19:09:36.019-03:00  INFO 20324 --- [projeta] [AsyncResolver-bootstrap-executor-0] c.n.d.s.r.aws.ConfigClusterResolver      : Resolving eureka endpoints via configuration
2024-04-01T19:14:36.024-03:00  INFO 20324 --- [projeta] [AsyncResolver-bootstrap-executor-0] c.n.d.s.r.aws.ConfigClusterResolver      : Resolving eureka endpoints via configuration
2024-04-01T19:19:36.039-03:00  INFO 20324 --- [projeta] [AsyncResolver-bootstrap-executor-0] c.n.d.s.r.aws.ConfigClusterResolver      : Resolving eureka endpoints via configuration
2024-04-01T19:24:36.044-03:00  INFO 20324 --- [projeta] [AsyncResolver-bootstrap-executor-0] c.n.d.s.r.aws.ConfigClusterResolver      : Resolving eureka endpoints via configuration
2024-04-01T19:29:36.058-03:00  INFO 20324 --- [projeta] [AsyncResolver-bootstrap-executor-0] c.n.d.s.r.aws.ConfigClusterResolver      : Resolving eureka endpoints via configuration
2024-04-01T19:34:36.059-03:00  INFO 20324 --- [projeta] [AsyncResolver-bootstrap-executor-0] c.n.d.s.r.aws.ConfigClusterResolver      : Resolving eureka endpoints via configuration
2024-04-01T19:39:36.072-03:00  INFO 20324 --- [projeta] [AsyncResolver-bootstrap-executor-0] c.n.d.s.r.aws.ConfigClusterResolver      : Resolving eureka endpoints via configuration
2024-04-01T19:44:36.088-03:00  INFO 20324 --- [projeta] [AsyncResolver-bootstrap-executor-0] c.n.d.s.r.aws.ConfigClusterResolver      : Resolving eureka endpoints via configuration
2024-04-01T19:49:36.090-03:00  INFO 20324 --- [projeta] [AsyncResolver-bootstrap-executor-0] c.n.d.s.r.aws.ConfigClusterResolver      : Resolving eureka endpoints via configuration
2024-04-01T19:54:36.094-03:00  INFO 20324 --- [projeta] [AsyncResolver-bootstrap-executor-0] c.n.d.s.r.aws.ConfigClusterResolver      : Resolving eureka endpoints via configuration
2024-04-01T19:59:36.109-03:00  INFO 20324 --- [projeta] [AsyncResolver-bootstrap-executor-0] c.n.d.s.r.aws.ConfigClusterResolver      : Resolving eureka endpoints via configuration
2024-04-01T20:04:36.116-03:00  INFO 20324 --- [projeta] [AsyncResolver-bootstrap-executor-0] c.n.d.s.r.aws.ConfigClusterResolver      : Resolving eureka endpoints via configuration
2024-04-01T20:09:36.121-03:00  INFO 20324 --- [projeta] [AsyncResolver-bootstrap-executor-0] c.n.d.s.r.aws.ConfigClusterResolver      : Resolving eureka endpoints via configuration
2024-04-01T20:14:36.137-03:00  INFO 20324 --- [projeta] [AsyncResolver-bootstrap-executor-0] c.n.d.s.r.aws.ConfigClusterResolver      : Resolving eureka endpoints via configuration
2024-04-01T20:19:36.151-03:00  INFO 20324 --- [projeta] [AsyncResolver-bootstrap-executor-0] c.n.d.s.r.aws.ConfigClusterResolver      : Resolving eureka endpoints via configuration
2024-04-01T20:24:36.166-03:00  INFO 20324 --- [projeta] [AsyncResolver-bootstrap-executor-0] c.n.d.s.r.aws.ConfigClusterResolver      : Resolving eureka endpoints via configuration
2024-04-01T20:29:36.173-03:00  INFO 20324 --- [projeta] [AsyncResolver-bootstrap-executor-0] c.n.d.s.r.aws.ConfigClusterResolver      : Resolving eureka endpoints via configuration
